TN:
SF:src\extension.ts
FN:23,activate
FN:53,(anonymous_10)
FN:75,(anonymous_11)
FN:83,(anonymous_12)
FN:98,(anonymous_13)
FN:107,(anonymous_14)
FN:123,(anonymous_15)
FN:145,(anonymous_16)
FN:228,(anonymous_17)
FN:247,(anonymous_18)
FN:262,(anonymous_19)
FN:326,(anonymous_20)
FN:338,(anonymous_21)
FN:360,(anonymous_22)
FN:371,(anonymous_23)
FN:417,(anonymous_24)
FN:519,(anonymous_25)
FN:542,(anonymous_26)
FN:557,(anonymous_27)
FN:573,(anonymous_28)
FN:574,(anonymous_29)
FN:645,(anonymous_30)
FN:667,(anonymous_31)
FN:675,(anonymous_32)
FN:708,(anonymous_33)
FN:764,(anonymous_34)
FN:765,(anonymous_35)
FN:766,(anonymous_36)
FN:790,(anonymous_37)
FN:791,(anonymous_38)
FN:794,(anonymous_39)
FN:799,(anonymous_40)
FN:823,(anonymous_41)
FN:856,(anonymous_42)
FN:876,(anonymous_43)
FN:886,(anonymous_44)
FN:893,(anonymous_45)
FN:923,(anonymous_46)
FN:981,(anonymous_47)
FN:1000,(anonymous_48)
FN:1008,(anonymous_49)
FN:1028,(anonymous_50)
FN:1043,(anonymous_51)
FN:1071,(anonymous_52)
FN:1109,(anonymous_53)
FN:1125,(anonymous_54)
FN:1126,(anonymous_55)
FN:1179,(anonymous_56)
FN:1193,(anonymous_57)
FN:1234,(anonymous_58)
FN:1323,deactivate
FN:1328,getOutputFormat
FN:1340,generateIconSnippet
FN:1360,addImportIfNeeded
FN:1395,(anonymous_63)
FN:1401,addScriptTagIfNeeded
FN:1450,(anonymous_65)
FN:1456,addToIconsTs
FN:1516,generateWebComponent
FN:1664,addToSpriteSvg
FN:1696,toVariableName
FN:1699,(anonymous_70)
FN:1708,searchIconify
FN:1709,(anonymous_72)
FN:1711,(anonymous_73)
FN:1714,(anonymous_74)
FN:1716,(anonymous_75)
FN:1717,(anonymous_76)
FN:1741,fetchIconSvg
FN:1742,(anonymous_78)
FN:1744,(anonymous_79)
FN:1751,(anonymous_80)
FN:1753,(anonymous_81)
FN:1754,(anonymous_82)
FN:1761,(anonymous_83)
FN:1766,showIconPickerPanel
FN:1787,(anonymous_85)
FN:1832,getIconPickerHtml
FN:1833,(anonymous_87)
FN:2065,getColorEditorHtml
FN:2707,getIconDetailsHtml
FNF:81
FNH:0
FNDA:0,activate
FNDA:0,(anonymous_10)
FNDA:0,(anonymous_11)
FNDA:0,(anonymous_12)
FNDA:0,(anonymous_13)
FNDA:0,(anonymous_14)
FNDA:0,(anonymous_15)
FNDA:0,(anonymous_16)
FNDA:0,(anonymous_17)
FNDA:0,(anonymous_18)
FNDA:0,(anonymous_19)
FNDA:0,(anonymous_20)
FNDA:0,(anonymous_21)
FNDA:0,(anonymous_22)
FNDA:0,(anonymous_23)
FNDA:0,(anonymous_24)
FNDA:0,(anonymous_25)
FNDA:0,(anonymous_26)
FNDA:0,(anonymous_27)
FNDA:0,(anonymous_28)
FNDA:0,(anonymous_29)
FNDA:0,(anonymous_30)
FNDA:0,(anonymous_31)
FNDA:0,(anonymous_32)
FNDA:0,(anonymous_33)
FNDA:0,(anonymous_34)
FNDA:0,(anonymous_35)
FNDA:0,(anonymous_36)
FNDA:0,(anonymous_37)
FNDA:0,(anonymous_38)
FNDA:0,(anonymous_39)
FNDA:0,(anonymous_40)
FNDA:0,(anonymous_41)
FNDA:0,(anonymous_42)
FNDA:0,(anonymous_43)
FNDA:0,(anonymous_44)
FNDA:0,(anonymous_45)
FNDA:0,(anonymous_46)
FNDA:0,(anonymous_47)
FNDA:0,(anonymous_48)
FNDA:0,(anonymous_49)
FNDA:0,(anonymous_50)
FNDA:0,(anonymous_51)
FNDA:0,(anonymous_52)
FNDA:0,(anonymous_53)
FNDA:0,(anonymous_54)
FNDA:0,(anonymous_55)
FNDA:0,(anonymous_56)
FNDA:0,(anonymous_57)
FNDA:0,(anonymous_58)
FNDA:0,deactivate
FNDA:0,getOutputFormat
FNDA:0,generateIconSnippet
FNDA:0,addImportIfNeeded
FNDA:0,(anonymous_63)
FNDA:0,addScriptTagIfNeeded
FNDA:0,(anonymous_65)
FNDA:0,addToIconsTs
FNDA:0,generateWebComponent
FNDA:0,addToSpriteSvg
FNDA:0,toVariableName
FNDA:0,(anonymous_70)
FNDA:0,searchIconify
FNDA:0,(anonymous_72)
FNDA:0,(anonymous_73)
FNDA:0,(anonymous_74)
FNDA:0,(anonymous_75)
FNDA:0,(anonymous_76)
FNDA:0,fetchIconSvg
FNDA:0,(anonymous_78)
FNDA:0,(anonymous_79)
FNDA:0,(anonymous_80)
FNDA:0,(anonymous_81)
FNDA:0,(anonymous_82)
FNDA:0,(anonymous_83)
FNDA:0,showIconPickerPanel
FNDA:0,(anonymous_85)
FNDA:0,getIconPickerHtml
FNDA:0,(anonymous_87)
FNDA:0,getColorEditorHtml
FNDA:0,getIconDetailsHtml
DA:1,0
DA:2,0
DA:3,0
DA:4,0
DA:5,0
DA:6,0
DA:7,0
DA:8,0
DA:9,0
DA:10,0
DA:11,0
DA:12,0
DA:13,0
DA:14,0
DA:15,0
DA:16,0
DA:23,0
DA:24,0
DA:27,0
DA:28,0
DA:29,0
DA:32,0
DA:38,0
DA:39,0
DA:47,0
DA:53,0
DA:54,0
DA:55,0
DA:56,0
DA:57,0
DA:58,0
DA:59,0
DA:70,0
DA:73,0
DA:76,0
DA:81,0
DA:84,0
DA:85,0
DA:86,0
DA:87,0
DA:89,0
DA:90,0
DA:96,0
DA:99,0
DA:100,0
DA:105,0
DA:108,0
DA:110,0
DA:111,0
DA:112,0
DA:114,0
DA:115,0
DA:116,0
DA:121,0
DA:125,0
DA:127,0
DA:129,0
DA:130,0
DA:131,0
DA:134,0
DA:135,0
DA:137,0
DA:138,0
DA:143,0
DA:146,0
DA:147,0
DA:148,0
DA:151,0
DA:153,0
DA:154,0
DA:155,0
DA:157,0
DA:158,0
DA:159,0
DA:162,0
DA:163,0
DA:164,0
DA:166,0
DA:167,0
DA:168,0
DA:170,0
DA:172,0
DA:173,0
DA:174,0
DA:175,0
DA:176,0
DA:179,0
DA:180,0
DA:184,0
DA:185,0
DA:187,0
DA:191,0
DA:198,0
DA:201,0
DA:202,0
DA:204,0
DA:207,0
DA:208,0
DA:212,0
DA:213,0
DA:217,0
DA:218,0
DA:222,0
DA:228,0
DA:229,0
DA:233,0
DA:234,0
DA:238,0
DA:240,0
DA:245,0
DA:248,0
DA:249,0
DA:251,0
DA:252,0
DA:253,0
DA:257,0
DA:258,0
DA:263,0
DA:264,0
DA:265,0
DA:269,0
DA:272,0
DA:281,0
DA:284,0
DA:285,0
DA:288,0
DA:290,0
DA:292,0
DA:293,0
DA:297,0
DA:309,0
DA:312,0
DA:313,0
DA:314,0
DA:316,0
DA:319,0
DA:324,0
DA:327,0
DA:332,0
DA:334,0
DA:339,0
DA:340,0
DA:342,0
DA:343,0
DA:344,0
DA:348,0
DA:351,0
DA:358,0
DA:361,0
DA:363,0
DA:364,0
DA:369,0
DA:372,0
DA:373,0
DA:374,0
DA:376,0
DA:377,0
DA:381,0
DA:382,0
DA:384,0
DA:387,0
DA:388,0
DA:389,0
DA:390,0
DA:394,0
DA:396,0
DA:398,0
DA:401,0
DA:402,0
DA:406,0
DA:408,0
DA:409,0
DA:410,0
DA:413,0
DA:418,0
DA:421,0
DA:424,0
DA:425,0
DA:427,0
DA:428,0
DA:430,0
DA:435,0
DA:436,0
DA:437,0
DA:439,0
DA:445,0
DA:446,0
DA:450,0
DA:453,0
DA:454,0
DA:455,0
DA:458,0
DA:459,0
DA:460,0
DA:470,0
DA:474,0
DA:475,0
DA:476,0
DA:484,0
DA:489,0
DA:490,0
DA:494,0
DA:495,0
DA:496,0
DA:497,0
DA:498,0
DA:501,0
DA:504,0
DA:505,0
DA:509,0
DA:511,0
DA:517,0
DA:520,0
DA:521,0
DA:522,0
DA:523,0
DA:526,0
DA:527,0
DA:529,0
DA:530,0
DA:531,0
DA:534,0
DA:535,0
DA:536,0
DA:539,0
DA:543,0
DA:544,0
DA:545,0
DA:549,0
DA:551,0
DA:557,0
DA:558,0
DA:562,0
DA:563,0
DA:566,0
DA:571,0
DA:574,0
DA:575,0
DA:581,0
DA:582,0
DA:583,0
DA:584,0
DA:587,0
DA:588,0
DA:589,0
DA:590,0
DA:593,0
DA:594,0
DA:598,0
DA:599,0
DA:600,0
DA:605,0
DA:614,0
DA:616,0
DA:617,0
DA:619,0
DA:620,0
DA:621,0
DA:624,0
DA:631,0
DA:632,0
DA:634,0
DA:635,0
DA:638,0
DA:639,0
DA:640,0
DA:641,0
DA:645,0
DA:646,0
DA:650,0
DA:651,0
DA:652,0
DA:653,0
DA:655,0
DA:659,0
DA:665,0
DA:668,0
DA:669,0
DA:672,0
DA:674,0
DA:675,0
DA:687,0
DA:689,0
DA:690,0
DA:691,0
DA:692,0
DA:694,0
DA:696,0
DA:699,0
DA:700,0
DA:706,0
DA:709,0
DA:710,0
DA:713,0
DA:714,0
DA:716,0
DA:717,0
DA:719,0
DA:725,0
DA:726,0
DA:742,0
DA:743,0
DA:758,0
DA:759,0
DA:763,0
DA:764,0
DA:765,0
DA:766,0
DA:769,0
DA:787,0
DA:790,0
DA:791,0
DA:794,0
DA:797,0
DA:800,0
DA:802,0
DA:803,0
DA:805,0
DA:806,0
DA:807,0
DA:810,0
DA:813,0
DA:814,0
DA:817,0
DA:818,0
DA:819,0
DA:823,0
DA:824,0
DA:825,0
DA:829,0
DA:830,0
DA:832,0
DA:836,0
DA:837,0
DA:838,0
DA:842,0
DA:843,0
DA:846,0
DA:848,0
DA:854,0
DA:858,0
DA:860,0
DA:861,0
DA:866,0
DA:867,0
DA:874,0
DA:878,0
DA:880,0
DA:881,0
DA:882,0
DA:886,0
DA:888,0
DA:889,0
DA:890,0
DA:893,0
DA:894,0
DA:898,0
DA:904,0
DA:905,0
DA:907,0
DA:908,0
DA:913,0
DA:914,0
DA:921,0
DA:930,0
DA:931,0
DA:932,0
DA:934,0
DA:935,0
DA:936,0
DA:937,0
DA:938,0
DA:939,0
DA:941,0
DA:942,0
DA:943,0
DA:944,0
DA:947,0
DA:950,0
DA:951,0
DA:955,0
DA:956,0
DA:957,0
DA:958,0
DA:959,0
DA:960,0
DA:964,0
DA:965,0
DA:966,0
DA:970,0
DA:979,0
DA:982,0
DA:983,0
DA:984,0
DA:986,0
DA:998,0
DA:1001,0
DA:1006,0
DA:1009,0
DA:1010,0
DA:1011,0
DA:1012,0
DA:1015,0
DA:1016,0
DA:1017,0
DA:1018,0
DA:1021,0
DA:1023,0
DA:1024,0
DA:1025,0
DA:1029,0
DA:1030,0
DA:1031,0
DA:1035,0
DA:1041,0
DA:1046,0
DA:1048,0
DA:1049,0
DA:1050,0
DA:1051,0
DA:1052,0
DA:1056,0
DA:1057,0
DA:1058,0
DA:1062,0
DA:1063,0
DA:1064,0
DA:1068,0
DA:1069,0
DA:1070,0
DA:1071,0
DA:1075,0
DA:1078,0
DA:1083,0
DA:1086,0
DA:1096,0
DA:1100,0
DA:1102,0
DA:1107,0
DA:1110,0
DA:1111,0
DA:1112,0
DA:1113,0
DA:1117,0
DA:1118,0
DA:1119,0
DA:1120,0
DA:1124,0
DA:1125,0
DA:1126,0
DA:1133,0
DA:1144,0
DA:1147,0
DA:1148,0
DA:1150,0
DA:1151,0
DA:1156,0
DA:1157,0
DA:1160,0
DA:1161,0
DA:1164,0
DA:1166,0
DA:1167,0
DA:1176,0
DA:1180,0
DA:1181,0
DA:1185,0
DA:1191,0
DA:1194,0
DA:1195,0
DA:1196,0
DA:1199,0
DA:1200,0
DA:1201,0
DA:1202,0
DA:1205,0
DA:1206,0
DA:1207,0
DA:1210,0
DA:1211,0
DA:1215,0
DA:1216,0
DA:1217,0
DA:1218,0
DA:1220,0
DA:1224,0
DA:1225,0
DA:1226,0
DA:1227,0
DA:1231,0
DA:1235,0
DA:1236,0
DA:1237,0
DA:1241,0
DA:1243,0
DA:1246,0
DA:1247,0
DA:1250,0
DA:1252,0
DA:1253,0
DA:1257,0
DA:1258,0
DA:1262,0
DA:1263,0
DA:1264,0
DA:1272,0
DA:1273,0
DA:1274,0
DA:1276,0
DA:1279,0
DA:1283,0
DA:1284,0
DA:1286,0
DA:1291,0
DA:1323,0
DA:1329,0
DA:1337,0
DA:1346,0
DA:1348,0
DA:1350,0
DA:1352,0
DA:1354,0
DA:1356,0
DA:1365,0
DA:1366,0
DA:1367,0
DA:1370,0
DA:1371,0
DA:1372,0
DA:1376,0
DA:1377,0
DA:1380,0
DA:1381,0
DA:1383,0
DA:1384,0
DA:1385,0
DA:1386,0
DA:1387,0
DA:1388,0
DA:1392,0
DA:1393,0
DA:1395,0
DA:1396,0
DA:1405,0
DA:1406,0
DA:1409,0
DA:1412,0
DA:1413,0
DA:1416,0
DA:1417,0
DA:1419,0
DA:1420,0
DA:1421,0
DA:1424,0
DA:1425,0
DA:1429,0
DA:1430,0
DA:1435,0
DA:1437,0
DA:1438,0
DA:1439,0
DA:1440,0
DA:1442,0
DA:1443,0
DA:1444,0
DA:1447,0
DA:1450,0
DA:1451,0
DA:1457,0
DA:1458,0
DA:1459,0
DA:1460,0
DA:1462,0
DA:1468,0
DA:1470,0
DA:1473,0
DA:1475,0
DA:1476,0
DA:1479,0
DA:1480,0
DA:1481,0
DA:1484,0
DA:1485,0
DA:1486,0
DA:1487,0
DA:1488,0
DA:1492,0
DA:1496,0
DA:1499,0
DA:1508,0
DA:1512,0
DA:1517,0
DA:1518,0
DA:1521,0
DA:1526,0
DA:1527,0
DA:1530,0
DA:1532,0
DA:1660,0
DA:1665,0
DA:1666,0
DA:1667,0
DA:1669,0
DA:1671,0
DA:1672,0
DA:1675,0
DA:1676,0
DA:1678,0
DA:1681,0
DA:1684,0
DA:1687,0
DA:1691,0
DA:1697,0
DA:1699,0
DA:1709,0
DA:1711,0
DA:1712,0
DA:1714,0
DA:1715,0
DA:1716,0
DA:1717,0
DA:1718,0
DA:1719,0
DA:1720,0
DA:1722,0
DA:1723,0
DA:1724,0
DA:1725,0
DA:1726,0
DA:1731,0
DA:1733,0
DA:1742,0
DA:1744,0
DA:1746,0
DA:1747,0
DA:1748,0
DA:1751,0
DA:1752,0
DA:1753,0
DA:1754,0
DA:1755,0
DA:1756,0
DA:1758,0
DA:1761,0
DA:1773,0
DA:1783,0
DA:1786,0
DA:1788,0
DA:1789,0
DA:1791,0
DA:1793,0
DA:1795,0
DA:1796,0
DA:1797,0
DA:1800,0
DA:1801,0
DA:1803,0
DA:1804,0
DA:1805,0
DA:1808,0
DA:1809,0
DA:1811,0
DA:1812,0
DA:1814,0
DA:1816,0
DA:1817,0
DA:1820,0
DA:1823,0
DA:1833,0
DA:1848,0
DA:2067,0
DA:2068,0
DA:2069,0
DA:2070,0
DA:2072,0
DA:2708,0
DA:2709,0
DA:2711,0
LF:678
LH:0
BRDA:54,0,0,0
BRDA:56,1,0,0
BRDA:56,2,0,0
BRDA:56,2,1,0
BRDA:56,2,2,0
BRDA:58,3,0,0
BRDA:84,4,0,0
BRDA:84,4,1,0
BRDA:85,5,0,0
BRDA:108,6,0,0
BRDA:108,7,0,0
BRDA:108,7,1,0
BRDA:125,8,0,0
BRDA:125,8,1,0
BRDA:127,9,0,0
BRDA:127,10,0,0
BRDA:127,10,1,0
BRDA:127,10,2,0
BRDA:134,11,0,0
BRDA:134,11,1,0
BRDA:135,12,0,0
BRDA:135,12,1,0
BRDA:135,13,0,0
BRDA:135,13,1,0
BRDA:148,14,0,0
BRDA:148,14,1,0
BRDA:151,15,0,0
BRDA:151,15,1,0
BRDA:157,16,0,0
BRDA:157,17,0,0
BRDA:157,17,1,0
BRDA:157,17,2,0
BRDA:166,18,0,0
BRDA:166,18,1,0
BRDA:167,19,0,0
BRDA:167,19,1,0
BRDA:167,20,0,0
BRDA:167,20,1,0
BRDA:179,21,0,0
BRDA:184,22,0,0
BRDA:198,23,0,0
BRDA:198,23,1,0
BRDA:202,24,0,0
BRDA:207,25,0,0
BRDA:212,26,0,0
BRDA:212,27,0,0
BRDA:212,27,1,0
BRDA:212,27,2,0
BRDA:217,28,0,0
BRDA:217,29,0,0
BRDA:217,29,1,0
BRDA:233,30,0,0
BRDA:251,31,0,0
BRDA:263,32,0,0
BRDA:264,33,0,0
BRDA:269,34,0,0
BRDA:281,35,0,0
BRDA:281,36,0,0
BRDA:281,36,1,0
BRDA:288,37,0,0
BRDA:288,37,1,0
BRDA:309,38,0,0
BRDA:332,39,0,0
BRDA:342,40,0,0
BRDA:376,41,0,0
BRDA:381,42,0,0
BRDA:388,43,0,0
BRDA:401,44,0,0
BRDA:408,45,0,0
BRDA:428,46,0,0
BRDA:442,47,0,0
BRDA:442,47,1,0
BRDA:453,48,0,0
BRDA:453,49,0,0
BRDA:453,49,1,0
BRDA:453,49,2,0
BRDA:459,50,0,0
BRDA:475,51,0,0
BRDA:489,52,0,0
BRDA:489,53,0,0
BRDA:489,53,1,0
BRDA:495,54,0,0
BRDA:498,55,0,0
BRDA:498,55,1,0
BRDA:521,56,0,0
BRDA:529,57,0,0
BRDA:543,58,0,0
BRDA:544,59,0,0
BRDA:549,60,0,0
BRDA:562,61,0,0
BRDA:581,62,0,0
BRDA:581,62,1,0
BRDA:581,63,0,0
BRDA:581,63,1,0
BRDA:588,64,0,0
BRDA:594,65,0,0
BRDA:594,65,1,0
BRDA:598,66,0,0
BRDA:614,67,0,0
BRDA:619,68,0,0
BRDA:631,69,0,0
BRDA:631,69,1,0
BRDA:632,70,0,0
BRDA:632,70,1,0
BRDA:639,71,0,0
BRDA:641,72,0,0
BRDA:641,72,1,0
BRDA:650,73,0,0
BRDA:650,73,1,0
BRDA:653,74,0,0
BRDA:669,75,0,0
BRDA:687,76,0,0
BRDA:699,77,0,0
BRDA:710,78,0,0
BRDA:716,79,0,0
BRDA:758,80,0,0
BRDA:805,81,0,0
BRDA:813,82,0,0
BRDA:813,82,1,0
BRDA:813,82,2,0
BRDA:818,83,0,0
BRDA:824,84,0,0
BRDA:824,84,1,0
BRDA:829,85,0,0
BRDA:837,86,0,0
BRDA:860,87,0,0
BRDA:866,88,0,0
BRDA:878,89,0,0
BRDA:878,89,1,0
BRDA:878,90,0,0
BRDA:878,90,1,0
BRDA:880,91,0,0
BRDA:888,92,0,0
BRDA:894,93,0,0
BRDA:894,93,1,0
BRDA:904,94,0,0
BRDA:907,95,0,0
BRDA:913,96,0,0
BRDA:930,97,0,0
BRDA:930,97,1,0
BRDA:932,98,0,0
BRDA:932,98,1,0
BRDA:935,99,0,0
BRDA:935,99,1,0
BRDA:943,100,0,0
BRDA:943,100,1,0
BRDA:950,101,0,0
BRDA:955,102,0,0
BRDA:957,103,0,0
BRDA:959,104,0,0
BRDA:959,104,1,0
BRDA:964,105,0,0
BRDA:973,106,0,0
BRDA:973,106,1,0
BRDA:973,107,0,0
BRDA:973,107,1,0
BRDA:982,108,0,0
BRDA:984,109,0,0
BRDA:1010,110,0,0
BRDA:1010,111,0,0
BRDA:1010,111,1,0
BRDA:1016,112,0,0
BRDA:1029,113,0,0
BRDA:1048,114,0,0
BRDA:1048,114,1,0
BRDA:1050,115,0,0
BRDA:1057,116,0,0
BRDA:1057,117,0,0
BRDA:1057,117,1,0
BRDA:1062,118,0,0
BRDA:1062,119,0,0
BRDA:1062,119,1,0
BRDA:1075,120,0,0
BRDA:1083,121,0,0
BRDA:1111,122,0,0
BRDA:1111,123,0,0
BRDA:1111,123,1,0
BRDA:1118,124,0,0
BRDA:1144,125,0,0
BRDA:1150,126,0,0
BRDA:1156,127,0,0
BRDA:1180,128,0,0
BRDA:1194,129,0,0
BRDA:1200,130,0,0
BRDA:1200,131,0,0
BRDA:1200,131,1,0
BRDA:1210,132,0,0
BRDA:1215,133,0,0
BRDA:1215,133,1,0
BRDA:1218,134,0,0
BRDA:1225,135,0,0
BRDA:1235,136,0,0
BRDA:1236,137,0,0
BRDA:1241,138,0,0
BRDA:1246,139,0,0
BRDA:1252,140,0,0
BRDA:1252,141,0,0
BRDA:1252,141,1,0
BRDA:1252,141,2,0
BRDA:1257,142,0,0
BRDA:1257,143,0,0
BRDA:1257,143,1,0
BRDA:1263,144,0,0
BRDA:1263,144,1,0
BRDA:1263,145,0,0
BRDA:1263,145,1,0
BRDA:1272,146,0,0
BRDA:1272,146,1,0
BRDA:1337,147,0,0
BRDA:1337,147,1,0
BRDA:1346,148,0,0
BRDA:1346,148,1,0
BRDA:1346,148,2,0
BRDA:1346,148,3,0
BRDA:1346,148,4,0
BRDA:1370,149,0,0
BRDA:1377,150,0,0
BRDA:1385,151,0,0
BRDA:1385,151,1,0
BRDA:1387,152,0,0
BRDA:1387,153,0,0
BRDA:1387,153,1,0
BRDA:1387,153,2,0
BRDA:1387,153,3,0
BRDA:1409,154,0,0
BRDA:1409,155,0,0
BRDA:1409,155,1,0
BRDA:1417,156,0,0
BRDA:1424,157,0,0
BRDA:1424,158,0,0
BRDA:1424,158,1,0
BRDA:1435,159,0,0
BRDA:1435,159,1,0
BRDA:1435,160,0,0
BRDA:1435,160,1,0
BRDA:1440,161,0,0
BRDA:1440,161,1,0
BRDA:1440,162,0,0
BRDA:1440,162,1,0
BRDA:1465,163,0,0
BRDA:1465,163,1,0
BRDA:1468,164,0,0
BRDA:1468,164,1,0
BRDA:1473,165,0,0
BRDA:1473,165,1,0
BRDA:1480,166,0,0
BRDA:1480,166,1,0
BRDA:1480,167,0,0
BRDA:1480,167,1,0
BRDA:1485,168,0,0
BRDA:1487,169,0,0
BRDA:1487,169,1,0
BRDA:1526,170,0,0
BRDA:1669,171,0,0
BRDA:1669,171,1,0
BRDA:1671,172,0,0
BRDA:1671,172,1,0
BRDA:1676,173,0,0
BRDA:1676,173,1,0
BRDA:1699,174,0,0
BRDA:1699,174,1,0
BRDA:1722,175,0,0
BRDA:1722,176,0,0
BRDA:1722,176,1,0
BRDA:1725,177,0,0
BRDA:1725,178,0,0
BRDA:1725,178,1,0
BRDA:1747,179,0,0
BRDA:1755,180,0,0
BRDA:1755,180,1,0
BRDA:1755,181,0,0
BRDA:1755,181,1,0
BRDA:1788,182,0,0
BRDA:1793,183,0,0
BRDA:1793,183,1,0
BRDA:1795,184,0,0
BRDA:1803,185,0,0
BRDA:1809,186,0,0
BRDA:2068,187,0,0
BRDA:2068,187,1,0
BRDA:2069,188,0,0
BRDA:2069,188,1,0
BRDA:2070,189,0,0
BRDA:2070,189,1,0
BRDA:2419,190,0,0
BRDA:2419,190,1,0
BRDA:2428,191,0,0
BRDA:2428,191,1,0
BRDA:2429,192,0,0
BRDA:2429,192,1,0
BRDA:2480,193,0,0
BRDA:2480,193,1,0
BRDA:2481,194,0,0
BRDA:2481,194,1,0
BRDA:2709,195,0,0
BRDA:2709,195,1,0
BRDA:2871,196,0,0
BRDA:2871,196,1,0
BRDA:2884,197,0,0
BRDA:2884,197,1,0
BRDA:2893,198,0,0
BRDA:2893,198,1,0
BRDA:2903,199,0,0
BRDA:2903,199,1,0
BRDA:2916,200,0,0
BRDA:2916,200,1,0
BRF:306
BRH:0
end_of_record
TN:
SF:src\panels\IconCatalogPanel.ts
FN:13,(anonymous_9)
FN:36,(anonymous_10)
FN:47,(anonymous_11)
FN:50,(anonymous_12)
FN:75,(anonymous_13)
FN:93,(anonymous_14)
FN:107,(anonymous_15)
FN:134,(anonymous_16)
FN:148,(anonymous_17)
FN:160,(anonymous_18)
FN:162,(anonymous_19)
FN:183,(anonymous_20)
FN:190,(anonymous_21)
FN:194,(anonymous_22)
FN:198,(anonymous_23)
FN:202,(anonymous_24)
FN:728,(anonymous_25)
FNF:17
FNH:12
FNDA:19,(anonymous_9)
FNDA:18,(anonymous_10)
FNDA:1,(anonymous_11)
FNDA:13,(anonymous_12)
FNDA:6,(anonymous_13)
FNDA:2,(anonymous_14)
FNDA:3,(anonymous_15)
FNDA:0,(anonymous_16)
FNDA:0,(anonymous_17)
FNDA:0,(anonymous_18)
FNDA:0,(anonymous_19)
FNDA:0,(anonymous_20)
FNDA:18,(anonymous_21)
FNDA:18,(anonymous_22)
FNDA:18,(anonymous_23)
FNDA:18,(anonymous_24)
FNDA:1,(anonymous_25)
DA:1,1
DA:2,1
DA:4,1
DA:6,1
DA:11,18
DA:14,19
DA:18,19
DA:19,1
DA:20,1
DA:23,18
DA:33,18
DA:41,18
DA:42,18
DA:43,18
DA:45,18
DA:47,18
DA:49,18
DA:51,13
DA:53,6
DA:54,6
DA:56,2
DA:57,2
DA:59,3
DA:60,3
DA:62,1
DA:63,1
DA:64,1
DA:66,1
DA:67,1
DA:76,6
DA:77,6
DA:79,6
DA:81,5
DA:86,1
DA:94,2
DA:95,2
DA:96,1
DA:103,1
DA:108,3
DA:110,3
DA:113,3
DA:121,3
DA:123,2
DA:125,1
DA:126,1
DA:127,1
DA:129,1
DA:133,1
DA:134,0
DA:135,0
DA:136,0
DA:138,1
DA:140,0
DA:141,0
DA:144,0
DA:150,0
DA:152,0
DA:153,0
DA:154,0
DA:157,0
DA:160,0
DA:162,0
DA:164,0
DA:167,0
DA:168,0
DA:171,0
DA:174,0
DA:177,0
DA:178,0
DA:179,0
DA:181,0
DA:182,0
DA:183,0
DA:184,0
DA:186,0
DA:191,18
DA:195,18
DA:197,18
DA:198,18
DA:201,18
DA:202,18
DA:220,18
DA:729,1
DA:730,1
DA:731,1
DA:732,0
DA:733,0
DA:734,0
LF:88
LH:59
BRDA:14,0,0,1
BRDA:14,0,1,18
BRDA:18,1,0,1
BRDA:26,2,0,18
BRDA:26,2,1,17
BRDA:51,3,0,6
BRDA:51,3,1,2
BRDA:51,3,2,3
BRDA:51,3,3,1
BRDA:51,3,4,1
BRDA:121,4,0,1
BRDA:123,5,0,1
BRDA:123,5,1,1
BRDA:123,5,2,0
BRDA:133,6,0,0
BRDA:152,7,0,0
BRDA:157,8,0,0
BRDA:157,8,1,0
BRDA:164,9,0,0
BRDA:181,10,0,0
BRDA:733,11,0,0
BRF:21
BRH:13
end_of_record
TN:
SF:src\panels\IconDetailsPanel.ts
FN:23,(anonymous_9)
FN:53,(anonymous_10)
FN:63,(anonymous_11)
FN:66,(anonymous_12)
FN:241,(anonymous_13)
FN:273,(anonymous_14)
FN:275,(anonymous_15)
FN:312,(anonymous_16)
FN:321,(anonymous_17)
FN:342,(anonymous_18)
FN:367,(anonymous_19)
FN:376,(anonymous_20)
FN:379,(anonymous_21)
FN:380,(anonymous_22)
FN:396,(anonymous_23)
FN:399,(anonymous_24)
FN:402,(anonymous_25)
FN:422,(anonymous_26)
FN:427,(anonymous_27)
FN:439,(anonymous_28)
FN:461,(anonymous_29)
FN:470,(anonymous_30)
FN:473,(anonymous_31)
FN:474,(anonymous_32)
FN:490,(anonymous_33)
FN:499,(anonymous_34)
FN:514,(anonymous_35)
FN:541,(anonymous_36)
FN:627,(anonymous_37)
FN:664,(anonymous_38)
FN:680,(anonymous_39)
FN:692,(anonymous_40)
FN:703,(anonymous_41)
FN:711,(anonymous_42)
FN:1515,(anonymous_43)
FN:1562,(anonymous_44)
FN:1792,(anonymous_45)
FN:1826,(anonymous_46)
FN:1834,(anonymous_47)
FN:1846,(anonymous_48)
FN:1849,(anonymous_49)
FNF:41
FNH:22
FNDA:27,(anonymous_9)
FNDA:25,(anonymous_10)
FNDA:1,(anonymous_11)
FNDA:19,(anonymous_12)
FNDA:0,(anonymous_13)
FNDA:2,(anonymous_14)
FNDA:4,(anonymous_15)
FNDA:57,(anonymous_16)
FNDA:29,(anonymous_17)
FNDA:0,(anonymous_18)
FNDA:0,(anonymous_19)
FNDA:0,(anonymous_20)
FNDA:0,(anonymous_21)
FNDA:0,(anonymous_22)
FNDA:29,(anonymous_23)
FNDA:1,(anonymous_24)
FNDA:28,(anonymous_25)
FNDA:28,(anonymous_26)
FNDA:0,(anonymous_27)
FNDA:0,(anonymous_28)
FNDA:0,(anonymous_29)
FNDA:0,(anonymous_30)
FNDA:0,(anonymous_31)
FNDA:0,(anonymous_32)
FNDA:0,(anonymous_33)
FNDA:0,(anonymous_34)
FNDA:27,(anonymous_35)
FNDA:4,(anonymous_36)
FNDA:1,(anonymous_37)
FNDA:0,(anonymous_38)
FNDA:0,(anonymous_39)
FNDA:1,(anonymous_40)
FNDA:28,(anonymous_41)
FNDA:28,(anonymous_42)
FNDA:27,(anonymous_43)
FNDA:0,(anonymous_44)
FNDA:0,(anonymous_45)
FNDA:28,(anonymous_46)
FNDA:26,(anonymous_47)
FNDA:1,(anonymous_48)
FNDA:0,(anonymous_49)
DA:1,1
DA:2,1
DA:3,1
DA:12,1
DA:14,1
DA:18,25
DA:20,25
DA:21,25
DA:24,27
DA:28,27
DA:29,2
DA:30,2
DA:31,2
DA:32,2
DA:33,2
DA:34,2
DA:36,2
DA:39,25
DA:50,25
DA:54,25
DA:55,25
DA:56,25
DA:57,25
DA:58,25
DA:61,25
DA:63,25
DA:65,25
DA:67,19
DA:69,2
DA:70,1
DA:71,1
DA:72,1
DA:77,2
DA:79,1
DA:80,1
DA:81,1
DA:83,1
DA:85,2
DA:86,2
DA:87,2
DA:88,2
DA:90,2
DA:92,4
DA:93,4
DA:94,4
DA:95,4
DA:97,4
DA:104,4
DA:105,4
DA:109,0
DA:112,4
DA:114,1
DA:115,1
DA:117,1
DA:118,0
DA:120,1
DA:123,1
DA:125,2
DA:126,2
DA:127,2
DA:128,2
DA:133,2
DA:134,1
DA:137,2
DA:139,1
DA:141,1
DA:143,1
DA:145,0
DA:148,1
DA:150,1
DA:152,1
DA:153,1
DA:155,1
DA:156,1
DA:159,1
DA:161,2
DA:162,2
DA:164,2
DA:166,1
DA:167,1
DA:169,1
DA:171,2
DA:172,1
DA:173,1
DA:174,1
DA:179,2
DA:181,1
DA:182,1
DA:183,1
DA:184,1
DA:185,0
DA:186,0
DA:189,0
DA:190,0
DA:193,0
DA:194,0
DA:195,0
DA:197,0
DA:198,0
DA:202,1
DA:204,0
DA:205,0
DA:206,0
DA:209,0
DA:210,0
DA:213,0
DA:214,0
DA:215,0
DA:217,0
DA:218,0
DA:221,0
DA:223,0
DA:224,0
DA:228,0
DA:229,0
DA:230,0
DA:231,0
DA:232,0
DA:235,0
DA:237,0
DA:238,0
DA:240,0
DA:241,0
DA:242,0
DA:243,0
DA:244,0
DA:246,0
DA:247,0
DA:248,0
DA:249,0
DA:251,0
DA:253,0
DA:255,0
DA:256,0
DA:257,0
DA:258,0
DA:259,0
DA:260,0
DA:262,0
DA:265,0
DA:275,2
DA:276,4
DA:278,4
DA:279,2
DA:281,4
DA:284,2
DA:285,2
DA:288,2
DA:291,2
DA:297,2
DA:303,2
DA:308,2
DA:313,57
DA:314,57
DA:315,57
DA:317,57
DA:318,57
DA:322,29
DA:323,29
DA:324,29
DA:326,29
DA:327,29
DA:329,29
DA:331,29
DA:332,29
DA:334,29
DA:336,0
DA:338,0
DA:343,0
DA:344,0
DA:345,0
DA:347,0
DA:348,0
DA:351,0
DA:352,0
DA:353,0
DA:357,0
DA:360,0
DA:361,0
DA:364,0
DA:365,0
DA:366,0
DA:367,0
DA:368,0
DA:369,0
DA:371,0
DA:373,0
DA:375,0
DA:376,0
DA:377,0
DA:378,0
DA:379,0
DA:380,0
DA:381,0
DA:382,0
DA:384,0
DA:385,0
DA:388,0
DA:390,0
DA:392,0
DA:397,29
DA:398,29
DA:399,29
DA:403,28
DA:404,28
DA:405,28
DA:407,28
DA:408,28
DA:410,28
DA:412,28
DA:413,28
DA:414,28
DA:416,0
DA:418,0
DA:423,28
DA:424,28
DA:428,0
DA:429,0
DA:430,0
DA:432,0
DA:435,0
DA:436,0
DA:440,0
DA:441,0
DA:442,0
DA:444,0
DA:445,0
DA:448,0
DA:449,0
DA:450,0
DA:454,0
DA:455,0
DA:458,0
DA:459,0
DA:460,0
DA:461,0
DA:462,0
DA:463,0
DA:465,0
DA:467,0
DA:469,0
DA:470,0
DA:471,0
DA:472,0
DA:473,0
DA:474,0
DA:475,0
DA:476,0
DA:478,0
DA:479,0
DA:482,0
DA:484,0
DA:486,0
DA:491,0
DA:492,0
DA:493,0
DA:495,0
DA:496,0
DA:500,0
DA:501,0
DA:502,0
DA:503,0
DA:504,0
DA:505,0
DA:506,0
DA:507,0
DA:509,0
DA:515,27
DA:516,27
DA:517,27
DA:518,27
DA:521,27
DA:522,35
DA:523,35
DA:524,10
DA:525,25
DA:526,25
DA:529,27
DA:530,0
DA:531,0
DA:532,0
DA:533,0
DA:534,0
DA:538,27
DA:542,4
DA:543,0
DA:544,0
DA:547,4
DA:549,4
DA:550,4
DA:551,4
DA:552,4
DA:555,4
DA:557,4
DA:558,4
DA:562,4
DA:563,4
DA:564,0
DA:567,0
DA:569,0
DA:570,0
DA:574,0
DA:575,0
DA:577,0
DA:578,0
DA:579,0
DA:583,0
DA:584,0
DA:585,0
DA:587,0
DA:588,0
DA:589,0
DA:590,0
DA:591,0
DA:592,0
DA:593,0
DA:594,0
DA:595,0
DA:597,0
DA:599,0
DA:603,0
DA:604,0
DA:605,0
DA:608,0
DA:609,0
DA:611,0
DA:612,0
DA:613,0
DA:614,0
DA:617,0
DA:619,0
DA:620,0
DA:622,4
DA:623,4
DA:628,1
DA:629,1
DA:630,0
DA:631,0
DA:634,1
DA:636,1
DA:646,1
DA:647,1
DA:649,1
DA:650,1
DA:652,1
DA:653,0
DA:654,0
DA:655,0
DA:657,0
DA:658,0
DA:659,0
DA:660,0
DA:661,0
DA:662,0
DA:664,0
DA:665,0
DA:666,0
DA:672,0
DA:680,1
DA:682,1
DA:688,0
DA:693,1
DA:694,1
DA:695,1
DA:696,0
DA:697,0
DA:698,0
DA:704,28
DA:705,27
DA:706,27
DA:708,28
DA:712,28
DA:713,0
DA:717,28
DA:720,28
DA:721,28
DA:723,28
DA:724,28
DA:725,28
DA:727,28
DA:728,28
DA:730,28
DA:731,28
DA:732,28
DA:733,28
DA:734,28
DA:735,28
DA:736,28
DA:738,28
DA:739,28
DA:740,28
DA:741,28
DA:742,28
DA:743,28
DA:744,28
DA:745,28
DA:747,28
DA:748,28
DA:749,28
DA:750,28
DA:751,28
DA:753,28
DA:755,28
DA:756,28
DA:757,28
DA:761,28
DA:762,28
DA:763,28
DA:764,28
DA:767,28
DA:768,37
DA:769,37
DA:770,10
DA:771,27
DA:772,27
DA:775,28
DA:776,0
DA:777,0
DA:778,0
DA:779,0
DA:780,0
DA:783,28
DA:784,28
DA:786,28
DA:1515,27
DA:1562,0
DA:1794,0
DA:1796,0
DA:1797,0
DA:1799,0
DA:1803,0
DA:1804,0
DA:1805,0
DA:1806,0
DA:1807,0
DA:1808,0
DA:1812,0
DA:1823,0
DA:1827,28
DA:1828,28
DA:1831,28
DA:1834,26
DA:1846,28
DA:1849,0
DA:1863,28
LF:445
LH:225
BRDA:24,0,0,1
BRDA:24,0,1,26
BRDA:28,1,0,2
BRDA:30,2,0,2
BRDA:42,3,0,25
BRDA:42,3,1,24
BRDA:57,4,0,25
BRDA:67,5,0,2
BRDA:67,5,1,1
BRDA:67,5,2,2
BRDA:67,5,3,4
BRDA:67,5,4,1
BRDA:67,5,5,2
BRDA:67,5,6,1
BRDA:67,5,7,2
BRDA:67,5,8,1
BRDA:67,5,9,2
BRDA:67,5,10,1
BRDA:67,5,11,0
BRDA:67,5,12,0
BRDA:67,5,13,0
BRDA:67,5,14,0
BRDA:69,6,0,1
BRDA:79,7,0,1
BRDA:85,8,0,2
BRDA:85,8,1,1
BRDA:86,9,0,2
BRDA:92,10,0,4
BRDA:93,11,0,4
BRDA:93,11,1,1
BRDA:95,12,0,4
BRDA:95,12,1,0
BRDA:104,13,0,4
BRDA:104,13,1,0
BRDA:114,14,0,1
BRDA:114,15,0,1
BRDA:114,15,1,1
BRDA:117,16,0,0
BRDA:117,16,1,1
BRDA:125,17,0,2
BRDA:125,18,0,2
BRDA:125,18,1,2
BRDA:125,18,2,2
BRDA:133,19,0,1
BRDA:139,20,0,1
BRDA:139,21,0,1
BRDA:139,21,1,1
BRDA:143,22,0,0
BRDA:143,22,1,1
BRDA:155,23,0,1
BRDA:161,24,0,2
BRDA:162,25,0,2
BRDA:162,25,1,1
BRDA:166,26,0,1
BRDA:171,27,0,1
BRDA:171,28,0,2
BRDA:171,28,1,1
BRDA:181,29,0,1
BRDA:181,30,0,1
BRDA:181,30,1,1
BRDA:184,31,0,0
BRDA:197,32,0,0
BRDA:204,33,0,0
BRDA:204,34,0,0
BRDA:204,34,1,0
BRDA:217,35,0,0
BRDA:223,36,0,0
BRDA:228,37,0,0
BRDA:237,38,0,0
BRDA:237,39,0,0
BRDA:237,39,1,0
BRDA:243,40,0,0
BRDA:243,41,0,0
BRDA:243,41,1,0
BRDA:246,42,0,0
BRDA:246,42,1,0
BRDA:248,43,0,0
BRDA:255,44,0,0
BRDA:259,45,0,0
BRDA:259,45,1,0
BRDA:278,46,0,2
BRDA:315,47,0,0
BRDA:315,48,0,57
BRDA:315,48,1,57
BRDA:324,49,0,0
BRDA:327,50,0,0
BRDA:332,51,0,29
BRDA:345,52,0,0
BRDA:352,53,0,0
BRDA:369,54,0,0
BRDA:369,54,1,0
BRDA:382,55,0,0
BRDA:382,55,1,0
BRDA:385,56,0,0
BRDA:385,56,1,0
BRDA:398,57,0,29
BRDA:398,57,1,28
BRDA:405,58,0,0
BRDA:408,59,0,0
BRDA:413,60,0,28
BRDA:424,61,0,28
BRDA:424,61,1,28
BRDA:429,62,0,0
BRDA:429,62,1,0
BRDA:442,63,0,0
BRDA:449,64,0,0
BRDA:463,65,0,0
BRDA:463,65,1,0
BRDA:476,66,0,0
BRDA:476,66,1,0
BRDA:479,67,0,0
BRDA:479,67,1,0
BRDA:492,68,0,0
BRDA:502,69,0,0
BRDA:504,70,0,0
BRDA:506,71,0,0
BRDA:523,72,0,10
BRDA:523,72,1,25
BRDA:525,73,0,25
BRDA:525,74,0,25
BRDA:525,74,1,25
BRDA:525,74,2,25
BRDA:531,75,0,0
BRDA:531,75,1,0
BRDA:533,76,0,0
BRDA:533,77,0,0
BRDA:533,77,1,0
BRDA:533,77,2,0
BRDA:542,78,0,0
BRDA:555,79,0,4
BRDA:577,80,0,0
BRDA:588,81,0,0
BRDA:588,81,1,0
BRDA:591,82,0,0
BRDA:591,82,1,0
BRDA:593,83,0,0
BRDA:603,84,0,0
BRDA:629,85,0,0
BRDA:664,86,0,0
BRDA:664,86,1,0
BRDA:665,87,0,0
BRDA:669,88,0,0
BRDA:669,88,1,0
BRDA:680,89,0,0
BRDA:680,89,1,0
BRDA:697,90,0,0
BRDA:704,91,0,27
BRDA:712,92,0,0
BRDA:721,93,0,25
BRDA:721,93,1,3
BRDA:725,94,0,0
BRDA:725,94,1,28
BRDA:725,95,0,28
BRDA:725,95,1,0
BRDA:728,96,0,28
BRDA:728,96,1,0
BRDA:730,97,0,28
BRDA:730,97,1,2
BRDA:731,98,0,28
BRDA:731,98,1,27
BRDA:732,99,0,28
BRDA:732,99,1,28
BRDA:733,100,0,28
BRDA:733,100,1,28
BRDA:734,101,0,28
BRDA:734,101,1,28
BRDA:735,102,0,28
BRDA:735,102,1,28
BRDA:739,103,0,26
BRDA:740,104,0,1
BRDA:741,105,0,0
BRDA:742,106,0,0
BRDA:743,107,0,0
BRDA:744,108,0,0
BRDA:745,109,0,28
BRDA:745,109,1,1
BRDA:751,110,0,0
BRDA:751,110,1,28
BRDA:751,111,0,0
BRDA:751,111,1,28
BRDA:751,112,0,0
BRDA:751,112,1,28
BRDA:751,113,0,0
BRDA:751,113,1,28
BRDA:753,114,0,24
BRDA:753,114,1,4
BRDA:756,115,0,28
BRDA:756,116,0,28
BRDA:756,116,1,28
BRDA:769,117,0,10
BRDA:769,117,1,27
BRDA:771,118,0,27
BRDA:771,119,0,27
BRDA:771,119,1,27
BRDA:771,119,2,27
BRDA:777,120,0,0
BRDA:777,120,1,0
BRDA:779,121,0,0
BRDA:779,122,0,0
BRDA:779,122,1,0
BRDA:779,122,2,0
BRDA:1463,123,0,25
BRDA:1463,123,1,3
BRDA:1463,124,0,1
BRDA:1463,124,1,24
BRDA:1463,125,0,1
BRDA:1463,125,1,24
BRDA:1495,126,0,24
BRDA:1495,126,1,4
BRDA:1508,127,0,10
BRDA:1508,127,1,18
BRDA:1515,128,0,14
BRDA:1515,128,1,14
BRDA:1517,129,0,4
BRDA:1517,129,1,10
BRDA:1532,130,0,0
BRDA:1532,130,1,28
BRDA:1556,131,0,0
BRDA:1556,131,1,28
BRDA:1567,132,0,24
BRDA:1567,132,1,4
BRDA:1794,133,0,0
BRDA:1796,134,0,0
BRDA:1804,135,0,0
BRDA:1823,136,0,0
BRDA:1823,136,1,0
BRDA:1832,137,0,28
BRDA:1832,137,1,0
BRDA:1832,138,0,28
BRDA:1832,138,1,0
BRDA:1832,139,0,28
BRDA:1832,139,1,0
BRDA:1838,140,0,28
BRDA:1838,140,1,0
BRDA:1838,141,0,28
BRDA:1838,141,1,0
BRDA:1839,142,0,28
BRDA:1839,142,1,0
BRDA:1847,143,0,0
BRDA:1847,143,1,1
BRDA:1847,144,0,0
BRDA:1847,144,1,1
BRDA:1847,145,0,0
BRDA:1847,145,1,1
BRDA:1853,146,0,0
BRDA:1853,146,1,1
BRDA:1853,147,0,0
BRDA:1853,147,1,1
BRDA:1854,148,0,0
BRDA:1854,148,1,1
BRF:250
BRH:135
end_of_record
TN:
SF:src\panels\IconEditorPanel.ts
FN:22,(anonymous_9)
FN:52,(anonymous_10)
FN:62,(anonymous_11)
FN:65,(anonymous_12)
FN:182,(anonymous_13)
FN:247,(anonymous_14)
FN:300,(anonymous_15)
FN:309,(anonymous_16)
FN:330,(anonymous_17)
FN:355,(anonymous_18)
FN:364,(anonymous_19)
FN:367,(anonymous_20)
FN:368,(anonymous_21)
FN:384,(anonymous_22)
FN:387,(anonymous_23)
FN:390,(anonymous_24)
FN:410,(anonymous_25)
FN:415,(anonymous_26)
FN:427,(anonymous_27)
FN:449,(anonymous_28)
FN:458,(anonymous_29)
FN:461,(anonymous_30)
FN:462,(anonymous_31)
FN:478,(anonymous_32)
FN:487,(anonymous_33)
FN:502,(anonymous_34)
FN:517,(anonymous_35)
FN:532,(anonymous_36)
FN:541,(anonymous_37)
FN:560,(anonymous_38)
FN:579,(anonymous_39)
FN:594,(anonymous_40)
FN:600,(anonymous_41)
FN:608,(anonymous_42)
FN:613,(anonymous_43)
FN:685,(anonymous_44)
FN:775,(anonymous_45)
FN:781,(anonymous_46)
FN:789,(anonymous_47)
FN:816,(anonymous_48)
FN:817,(anonymous_49)
FN:848,(anonymous_50)
FN:857,(anonymous_51)
FN:864,(anonymous_52)
FN:891,(anonymous_53)
FN:962,(anonymous_54)
FN:1021,(anonymous_55)
FN:1070,(anonymous_56)
FN:2211,(anonymous_57)
FN:2243,(anonymous_58)
FN:2252,(anonymous_59)
FN:2255,(anonymous_60)
FNF:52
FNH:33
FNDA:26,(anonymous_9)
FNDA:25,(anonymous_10)
FNDA:1,(anonymous_11)
FNDA:21,(anonymous_12)
FNDA:0,(anonymous_13)
FNDA:0,(anonymous_14)
FNDA:49,(anonymous_15)
FNDA:11,(anonymous_16)
FNDA:1,(anonymous_17)
FNDA:0,(anonymous_18)
FNDA:1,(anonymous_19)
FNDA:1,(anonymous_20)
FNDA:0,(anonymous_21)
FNDA:8,(anonymous_22)
FNDA:7,(anonymous_23)
FNDA:35,(anonymous_24)
FNDA:32,(anonymous_25)
FNDA:2,(anonymous_26)
FNDA:2,(anonymous_27)
FNDA:1,(anonymous_28)
FNDA:2,(anonymous_29)
FNDA:2,(anonymous_30)
FNDA:0,(anonymous_31)
FNDA:1,(anonymous_32)
FNDA:0,(anonymous_33)
FNDA:0,(anonymous_34)
FNDA:0,(anonymous_35)
FNDA:32,(anonymous_36)
FNDA:32,(anonymous_37)
FNDA:0,(anonymous_38)
FNDA:0,(anonymous_39)
FNDA:0,(anonymous_40)
FNDA:0,(anonymous_41)
FNDA:32,(anonymous_42)
FNDA:0,(anonymous_43)
FNDA:0,(anonymous_44)
FNDA:0,(anonymous_45)
FNDA:0,(anonymous_46)
FNDA:28,(anonymous_47)
FNDA:3,(anonymous_48)
FNDA:6,(anonymous_49)
FNDA:1,(anonymous_50)
FNDA:33,(anonymous_51)
FNDA:8,(anonymous_52)
FNDA:1,(anonymous_53)
FNDA:0,(anonymous_54)
FNDA:0,(anonymous_55)
FNDA:33,(anonymous_56)
FNDA:8,(anonymous_57)
FNDA:7,(anonymous_58)
FNDA:7,(anonymous_59)
FNDA:0,(anonymous_60)
DA:1,1
DA:2,1
DA:3,1
DA:11,1
DA:13,1
DA:17,25
DA:19,25
DA:20,25
DA:23,26
DA:27,26
DA:28,1
DA:29,1
DA:30,1
DA:31,1
DA:32,1
DA:33,1
DA:35,1
DA:38,25
DA:49,25
DA:53,25
DA:54,25
DA:55,25
DA:56,25
DA:57,24
DA:60,25
DA:62,25
DA:64,25
DA:66,21
DA:69,1
DA:70,1
DA:71,1
DA:76,1
DA:79,2
DA:80,2
DA:81,2
DA:82,2
DA:85,2
DA:86,0
DA:90,2
DA:92,2
DA:94,1
DA:95,1
DA:96,1
DA:97,0
DA:99,1
DA:101,1
DA:102,1
DA:104,1
DA:106,4
DA:107,4
DA:108,4
DA:109,4
DA:111,4
DA:118,4
DA:120,1
DA:121,1
DA:122,1
DA:123,1
DA:125,1
DA:127,0
DA:128,0
DA:130,0
DA:132,2
DA:133,2
DA:134,2
DA:135,2
DA:137,2
DA:139,2
DA:140,1
DA:145,1
DA:146,1
DA:148,2
DA:150,2
DA:151,1
DA:152,1
DA:153,1
DA:158,2
DA:161,0
DA:163,0
DA:164,0
DA:166,0
DA:169,0
DA:171,0
DA:172,0
DA:176,0
DA:177,0
DA:178,0
DA:180,0
DA:182,0
DA:183,0
DA:186,0
DA:190,0
DA:192,1
DA:193,1
DA:195,2
DA:196,2
DA:200,2
DA:201,1
DA:202,1
DA:203,1
DA:204,1
DA:207,2
DA:209,0
DA:210,0
DA:211,0
DA:212,0
DA:213,0
DA:214,0
DA:217,0
DA:218,0
DA:221,0
DA:222,0
DA:223,0
DA:226,0
DA:228,1
DA:229,0
DA:230,0
DA:233,0
DA:234,0
DA:237,0
DA:238,0
DA:239,0
DA:241,1
DA:243,0
DA:244,0
DA:246,0
DA:247,0
DA:248,0
DA:249,0
DA:250,0
DA:252,0
DA:253,0
DA:254,0
DA:255,0
DA:257,0
DA:259,0
DA:261,2
DA:262,2
DA:263,2
DA:264,2
DA:265,2
DA:266,1
DA:268,1
DA:271,2
DA:273,0
DA:274,0
DA:275,0
DA:276,0
DA:277,0
DA:282,0
DA:284,0
DA:285,0
DA:286,0
DA:287,0
DA:291,0
DA:301,49
DA:302,49
DA:303,49
DA:305,49
DA:306,49
DA:310,11
DA:311,11
DA:312,11
DA:314,11
DA:315,11
DA:317,11
DA:319,11
DA:320,11
DA:322,11
DA:324,0
DA:326,0
DA:331,1
DA:332,1
DA:333,1
DA:335,1
DA:336,1
DA:339,1
DA:340,1
DA:341,0
DA:345,1
DA:348,1
DA:349,1
DA:352,1
DA:353,1
DA:354,1
DA:355,1
DA:356,0
DA:357,0
DA:359,1
DA:361,1
DA:363,1
DA:364,1
DA:365,1
DA:366,1
DA:367,1
DA:368,1
DA:369,1
DA:370,1
DA:372,1
DA:373,1
DA:376,1
DA:378,1
DA:380,0
DA:385,8
DA:386,8
DA:387,8
DA:391,35
DA:392,35
DA:393,35
DA:395,35
DA:396,35
DA:398,35
DA:400,35
DA:401,35
DA:402,35
DA:404,0
DA:406,0
DA:411,32
DA:412,32
DA:416,2
DA:417,2
DA:418,1
DA:420,1
DA:423,2
DA:424,2
DA:428,2
DA:429,2
DA:430,2
DA:432,2
DA:433,2
DA:436,2
DA:437,2
DA:438,0
DA:442,2
DA:443,2
DA:446,2
DA:447,2
DA:448,2
DA:449,2
DA:450,1
DA:451,1
DA:453,2
DA:455,2
DA:457,2
DA:458,2
DA:459,2
DA:460,2
DA:461,2
DA:462,2
DA:463,2
DA:464,2
DA:466,2
DA:467,2
DA:470,2
DA:472,2
DA:474,0
DA:479,1
DA:480,1
DA:481,0
DA:483,1
DA:484,1
DA:488,0
DA:489,0
DA:490,0
DA:491,0
DA:492,0
DA:493,0
DA:494,0
DA:495,0
DA:497,0
DA:503,0
DA:504,0
DA:505,0
DA:506,0
DA:507,0
DA:508,0
DA:510,0
DA:511,0
DA:512,0
DA:518,0
DA:519,0
DA:520,0
DA:521,0
DA:522,0
DA:523,0
DA:525,0
DA:526,0
DA:533,32
DA:534,32
DA:535,32
DA:537,32
DA:538,32
DA:542,32
DA:543,32
DA:544,32
DA:546,32
DA:547,32
DA:549,0
DA:550,0
DA:551,0
DA:552,0
DA:554,0
DA:556,0
DA:561,0
DA:562,0
DA:563,0
DA:565,0
DA:566,0
DA:568,0
DA:569,0
DA:570,0
DA:573,0
DA:574,0
DA:575,0
DA:576,0
DA:578,0
DA:579,0
DA:580,0
DA:581,0
DA:582,0
DA:583,0
DA:586,0
DA:588,0
DA:590,0
DA:595,0
DA:596,0
DA:597,0
DA:601,0
DA:602,0
DA:603,0
DA:604,0
DA:609,32
DA:610,32
DA:614,0
DA:615,0
DA:616,0
DA:619,0
DA:621,0
DA:622,0
DA:623,0
DA:624,0
DA:626,0
DA:628,0
DA:629,0
DA:633,0
DA:634,0
DA:635,0
DA:636,0
DA:639,0
DA:640,0
DA:641,0
DA:642,0
DA:644,0
DA:645,0
DA:647,0
DA:648,0
DA:651,0
DA:652,0
DA:653,0
DA:655,0
DA:656,0
DA:657,0
DA:662,0
DA:663,0
DA:664,0
DA:665,0
DA:666,0
DA:668,0
DA:669,0
DA:670,0
DA:671,0
DA:676,0
DA:679,0
DA:681,0
DA:686,0
DA:687,0
DA:690,0
DA:691,0
DA:692,0
DA:696,0
DA:699,0
DA:703,0
DA:704,0
DA:705,0
DA:707,0
DA:708,0
DA:709,0
DA:712,0
DA:715,0
DA:716,0
DA:720,0
DA:721,0
DA:723,0
DA:724,0
DA:726,0
DA:727,0
DA:729,0
DA:730,0
DA:733,0
DA:734,0
DA:735,0
DA:736,0
DA:737,0
DA:738,0
DA:739,0
DA:740,0
DA:742,0
DA:746,0
DA:748,0
DA:750,0
DA:752,0
DA:753,0
DA:757,0
DA:758,0
DA:759,0
DA:761,0
DA:762,0
DA:768,0
DA:772,0
DA:776,0
DA:782,0
DA:790,28
DA:791,28
DA:792,28
DA:793,28
DA:796,28
DA:797,7
DA:798,7
DA:799,0
DA:800,7
DA:801,7
DA:804,28
DA:805,0
DA:806,0
DA:807,0
DA:808,0
DA:809,0
DA:813,28
DA:817,3
DA:818,6
DA:819,6
DA:820,0
DA:822,6
DA:825,3
DA:826,3
DA:828,3
DA:830,3
DA:835,3
DA:840,3
DA:845,3
DA:849,1
DA:850,1
DA:851,1
DA:852,0
DA:853,0
DA:858,33
DA:859,32
DA:861,33
DA:865,8
DA:866,8
DA:867,0
DA:869,8
DA:872,0
DA:873,0
DA:874,0
DA:875,0
DA:876,0
DA:877,0
DA:880,0
DA:888,0
DA:897,1
DA:898,0
DA:900,1
DA:901,0
DA:903,1
DA:904,0
DA:907,1
DA:939,1
DA:940,1
DA:942,1
DA:943,1
DA:944,1
DA:945,1
DA:946,1
DA:948,1
DA:949,1
DA:952,1
DA:953,1
DA:954,1
DA:955,1
DA:958,0
DA:967,0
DA:968,0
DA:969,0
DA:972,0
DA:973,0
DA:977,0
DA:981,0
DA:983,0
DA:984,0
DA:1011,0
DA:1012,0
DA:1013,0
DA:1014,0
DA:1017,0
DA:1025,0
DA:1026,0
DA:1027,0
DA:1028,0
DA:1030,0
DA:1037,0
DA:1038,0
DA:1061,0
DA:1062,0
DA:1063,0
DA:1064,0
DA:1067,0
DA:1071,33
DA:1072,1
DA:1075,32
DA:1076,32
DA:1077,32
DA:1080,32
DA:1081,32
DA:1082,32
DA:1083,32
DA:1086,32
DA:1087,8
DA:1088,8
DA:1089,0
DA:1090,8
DA:1091,8
DA:1094,32
DA:1095,0
DA:1096,0
DA:1097,0
DA:1098,0
DA:1099,0
DA:1102,32
DA:1103,32
DA:1105,32
DA:1106,32
DA:1107,32
DA:1110,32
DA:1111,32
DA:1113,32
DA:2211,8
DA:2243,7
DA:2252,7
DA:2255,0
LF:550
LH:273
BRDA:23,0,0,1
BRDA:23,0,1,25
BRDA:27,1,0,1
BRDA:29,2,0,1
BRDA:41,3,0,25
BRDA:41,3,1,24
BRDA:56,4,0,24
BRDA:66,5,0,1
BRDA:66,5,1,2
BRDA:66,5,2,1
BRDA:66,5,3,4
BRDA:66,5,4,1
BRDA:66,5,5,0
BRDA:66,5,6,2
BRDA:66,5,7,2
BRDA:66,5,8,2
BRDA:66,5,9,0
BRDA:66,5,10,1
BRDA:66,5,11,2
BRDA:66,5,12,0
BRDA:66,5,13,1
BRDA:66,5,14,0
BRDA:66,5,15,2
BRDA:66,5,16,0
BRDA:69,6,0,1
BRDA:69,7,0,1
BRDA:69,7,1,1
BRDA:69,7,2,1
BRDA:79,8,0,2
BRDA:79,9,0,2
BRDA:79,9,1,2
BRDA:79,9,2,2
BRDA:85,10,0,0
BRDA:94,11,0,1
BRDA:94,12,0,1
BRDA:94,12,1,1
BRDA:96,13,0,0
BRDA:96,13,1,1
BRDA:106,14,0,4
BRDA:107,15,0,4
BRDA:107,15,1,0
BRDA:109,16,0,4
BRDA:109,16,1,1
BRDA:120,17,0,1
BRDA:120,18,0,1
BRDA:120,18,1,1
BRDA:127,19,0,0
BRDA:132,20,0,2
BRDA:132,20,1,1
BRDA:133,21,0,2
BRDA:139,22,0,1
BRDA:139,23,0,2
BRDA:139,23,1,2
BRDA:139,23,2,2
BRDA:150,24,0,1
BRDA:161,25,0,0
BRDA:163,26,0,0
BRDA:163,26,1,0
BRDA:163,27,0,0
BRDA:163,27,1,0
BRDA:169,28,0,0
BRDA:169,28,1,0
BRDA:177,29,0,0
BRDA:177,29,1,0
BRDA:178,30,0,0
BRDA:178,30,1,0
BRDA:195,31,0,2
BRDA:200,32,0,1
BRDA:209,33,0,0
BRDA:209,34,0,0
BRDA:209,34,1,0
BRDA:212,35,0,0
BRDA:228,36,0,0
BRDA:228,37,0,1
BRDA:228,37,1,1
BRDA:243,38,0,0
BRDA:243,39,0,0
BRDA:243,39,1,0
BRDA:249,40,0,0
BRDA:249,41,0,0
BRDA:249,41,1,0
BRDA:252,42,0,0
BRDA:252,42,1,0
BRDA:254,43,0,0
BRDA:261,44,0,2
BRDA:265,45,0,1
BRDA:265,45,1,1
BRDA:273,46,0,0
BRDA:273,47,0,0
BRDA:273,47,1,0
BRDA:276,48,0,0
BRDA:282,49,0,0
BRDA:303,50,0,0
BRDA:303,51,0,49
BRDA:303,51,1,49
BRDA:312,52,0,0
BRDA:315,53,0,0
BRDA:320,54,0,11
BRDA:333,55,0,0
BRDA:340,56,0,0
BRDA:357,57,0,0
BRDA:357,57,1,0
BRDA:370,58,0,0
BRDA:370,58,1,1
BRDA:373,59,0,0
BRDA:373,59,1,1
BRDA:386,60,0,8
BRDA:386,60,1,1
BRDA:393,61,0,0
BRDA:396,62,0,0
BRDA:401,63,0,35
BRDA:412,64,0,32
BRDA:412,64,1,30
BRDA:417,65,0,1
BRDA:417,65,1,1
BRDA:430,66,0,0
BRDA:437,67,0,0
BRDA:451,68,0,0
BRDA:451,68,1,1
BRDA:464,69,0,0
BRDA:464,69,1,2
BRDA:467,70,0,0
BRDA:467,70,1,2
BRDA:480,71,0,0
BRDA:490,72,0,0
BRDA:492,73,0,0
BRDA:494,74,0,0
BRDA:505,75,0,0
BRDA:508,76,0,0
BRDA:520,77,0,0
BRDA:523,78,0,0
BRDA:535,79,0,0
BRDA:535,80,0,32
BRDA:535,80,1,32
BRDA:544,81,0,0
BRDA:547,82,0,32
BRDA:551,83,0,0
BRDA:563,84,0,0
BRDA:569,85,0,0
BRDA:580,86,0,0
BRDA:580,86,1,0
BRDA:581,87,0,0
BRDA:581,87,1,0
BRDA:583,88,0,0
BRDA:583,88,1,0
BRDA:602,89,0,0
BRDA:614,90,0,0
BRDA:626,91,0,0
BRDA:626,91,1,0
BRDA:644,92,0,0
BRDA:644,92,1,0
BRDA:647,93,0,0
BRDA:647,94,0,0
BRDA:647,94,1,0
BRDA:651,95,0,0
BRDA:652,96,0,0
BRDA:652,96,1,0
BRDA:653,97,0,0
BRDA:653,97,1,0
BRDA:655,98,0,0
BRDA:655,99,0,0
BRDA:655,99,1,0
BRDA:662,100,0,0
BRDA:662,101,0,0
BRDA:662,101,1,0
BRDA:686,102,0,0
BRDA:691,103,0,0
BRDA:699,104,0,0
BRDA:699,104,1,0
BRDA:716,105,0,0
BRDA:716,105,1,0
BRDA:723,106,0,0
BRDA:729,107,0,0
BRDA:729,108,0,0
BRDA:729,108,1,0
BRDA:736,109,0,0
BRDA:736,109,1,0
BRDA:736,110,0,0
BRDA:736,110,1,0
BRDA:738,111,0,0
BRDA:738,111,1,0
BRDA:746,112,0,0
BRDA:782,113,0,0
BRDA:782,113,1,0
BRDA:798,114,0,0
BRDA:798,114,1,7
BRDA:800,115,0,7
BRDA:800,116,0,7
BRDA:800,116,1,7
BRDA:800,116,2,7
BRDA:806,117,0,0
BRDA:806,117,1,0
BRDA:808,118,0,0
BRDA:808,119,0,0
BRDA:808,119,1,0
BRDA:808,119,2,0
BRDA:819,120,0,0
BRDA:853,121,0,0
BRDA:858,122,0,32
BRDA:865,123,0,8
BRDA:866,124,0,0
BRDA:873,125,0,0
BRDA:888,126,0,0
BRDA:888,126,1,0
BRDA:897,127,0,0
BRDA:900,128,0,0
BRDA:903,129,0,0
BRDA:940,130,0,0
BRDA:942,131,0,1
BRDA:942,131,1,0
BRDA:943,132,0,1
BRDA:943,132,1,1
BRDA:944,133,0,1
BRDA:944,133,1,1
BRDA:945,134,0,1
BRDA:945,134,1,1
BRDA:946,135,0,1
BRDA:946,135,1,1
BRDA:948,136,0,0
BRDA:948,136,1,1
BRDA:953,137,0,1
BRDA:965,138,0,0
BRDA:967,139,0,0
BRDA:967,139,1,0
BRDA:968,140,0,0
BRDA:968,140,1,0
BRDA:969,141,0,0
BRDA:969,141,1,0
BRDA:972,142,0,0
BRDA:972,142,1,0
BRDA:973,143,0,0
BRDA:973,143,1,0
BRDA:977,144,0,0
BRDA:977,144,1,0
BRDA:981,145,0,0
BRDA:981,145,1,0
BRDA:983,146,0,0
BRDA:983,146,1,0
BRDA:989,147,0,0
BRDA:989,147,1,0
BRDA:991,148,0,0
BRDA:991,148,1,0
BRDA:1012,149,0,0
BRDA:1025,150,0,0
BRDA:1025,150,1,0
BRDA:1026,151,0,0
BRDA:1026,151,1,0
BRDA:1027,152,0,0
BRDA:1027,152,1,0
BRDA:1028,153,0,0
BRDA:1028,153,1,0
BRDA:1037,154,0,0
BRDA:1037,154,1,0
BRDA:1062,155,0,0
BRDA:1071,156,0,1
BRDA:1088,157,0,0
BRDA:1088,157,1,8
BRDA:1090,158,0,8
BRDA:1090,159,0,8
BRDA:1090,159,1,8
BRDA:1090,159,2,8
BRDA:1096,160,0,0
BRDA:1096,160,1,0
BRDA:1098,161,0,0
BRDA:1098,162,0,0
BRDA:1098,162,1,0
BRDA:1098,162,2,0
BRDA:1106,163,0,32
BRDA:1106,164,0,32
BRDA:1106,164,1,32
BRDA:1111,165,0,32
BRDA:1111,165,1,0
BRDA:2170,166,0,28
BRDA:2170,166,1,4
BRDA:2205,167,0,0
BRDA:2205,167,1,32
BRDA:2211,168,0,8
BRDA:2211,168,1,24
BRDA:2220,169,0,24
BRDA:2220,169,1,0
BRDA:2225,170,0,24
BRDA:2225,170,1,8
BRDA:2228,171,0,8
BRDA:2228,171,1,24
BRDA:2234,172,0,24
BRDA:2234,172,1,8
BRDA:2241,173,0,8
BRDA:2241,173,1,0
BRDA:2241,174,0,8
BRDA:2241,174,1,0
BRDA:2241,175,0,8
BRDA:2241,175,1,0
BRDA:2247,176,0,8
BRDA:2247,176,1,0
BRDA:2247,177,0,8
BRDA:2247,177,1,0
BRDA:2248,178,0,8
BRDA:2248,178,1,0
BRDA:2253,179,0,0
BRDA:2253,179,1,7
BRDA:2253,180,0,0
BRDA:2253,180,1,7
BRDA:2253,181,0,0
BRDA:2253,181,1,7
BRDA:2259,182,0,0
BRDA:2259,182,1,7
BRDA:2259,183,0,0
BRDA:2259,183,1,7
BRDA:2260,184,0,0
BRDA:2260,184,1,7
BRDA:2541,185,0,32
BRDA:2541,185,1,32
BRDA:2543,186,0,32
BRDA:2543,186,1,32
BRDA:2544,187,0,32
BRDA:2544,187,1,32
BRDA:2545,188,0,32
BRDA:2545,188,1,32
BRDA:2546,189,0,32
BRDA:2546,189,1,32
BRDA:2547,190,0,32
BRDA:2547,190,1,32
BRF:322
BRH:135
end_of_record
TN:
SF:src\panels\IconManagerPanel.ts
FN:15,(anonymous_9)
FN:55,(anonymous_10)
FN:68,(anonymous_11)
FN:72,(anonymous_12)
FN:79,(anonymous_13)
FN:89,(anonymous_14)
FN:93,(anonymous_15)
FN:106,(anonymous_16)
FN:158,(anonymous_17)
FN:184,(anonymous_18)
FN:206,(anonymous_19)
FN:229,(anonymous_20)
FN:252,(anonymous_21)
FN:257,(anonymous_22)
FN:603,getNonce
FNF:15
FNH:13
FNDA:23,(anonymous_9)
FNDA:22,(anonymous_10)
FNDA:0,(anonymous_11)
FNDA:11,(anonymous_12)
FNDA:0,(anonymous_13)
FNDA:5,(anonymous_14)
FNDA:1,(anonymous_15)
FNDA:11,(anonymous_16)
FNDA:3,(anonymous_17)
FNDA:1,(anonymous_18)
FNDA:1,(anonymous_19)
FNDA:1,(anonymous_20)
FNDA:22,(anonymous_21)
FNDA:22,(anonymous_22)
FNDA:22,getNonce
DA:1,1
DA:2,1
DA:3,1
DA:4,1
DA:6,1
DA:8,1
DA:13,22
DA:20,23
DA:25,23
DA:26,1
DA:27,1
DA:28,0
DA:30,1
DA:34,22
DA:48,22
DA:50,22
DA:51,1
DA:60,22
DA:61,22
DA:62,22
DA:65,22
DA:68,22
DA:71,22
DA:72,11
DA:78,22
DA:80,0
DA:81,0
DA:90,5
DA:94,1
DA:96,1
DA:98,1
DA:99,0
DA:100,0
DA:101,0
DA:107,11
DA:109,3
DA:110,3
DA:113,1
DA:114,1
DA:115,1
DA:118,1
DA:119,1
DA:129,1
DA:132,1
DA:133,1
DA:136,1
DA:137,1
DA:140,1
DA:141,1
DA:142,1
DA:145,1
DA:146,1
DA:149,1
DA:150,1
DA:153,1
DA:154,1
DA:159,3
DA:160,3
DA:161,1
DA:162,1
DA:165,2
DA:166,2
DA:167,2
DA:170,2
DA:172,1
DA:173,1
DA:175,1
DA:178,2
DA:181,2
DA:185,1
DA:186,1
DA:187,0
DA:188,0
DA:191,1
DA:192,1
DA:194,1
DA:195,1
DA:196,1
DA:197,1
DA:198,1
DA:203,1
DA:207,1
DA:209,1
DA:210,0
DA:212,0
DA:213,0
DA:214,0
DA:215,0
DA:216,0
DA:218,0
DA:230,1
DA:232,1
DA:234,1
DA:235,1
DA:238,1
DA:239,0
DA:240,0
DA:243,1
DA:244,1
DA:245,1
DA:246,0
DA:248,1
DA:253,22
DA:254,22
DA:258,22
DA:259,22
DA:263,22
DA:604,22
DA:605,22
DA:606,22
DA:607,704
DA:609,22
LF:112
LH:94
BRDA:20,0,0,3
BRDA:20,0,1,20
BRDA:25,1,0,1
BRDA:27,2,0,0
BRDA:37,3,0,22
BRDA:37,3,1,21
BRDA:50,4,0,1
BRDA:80,5,0,0
BRDA:100,6,0,0
BRDA:107,7,0,3
BRDA:107,7,1,1
BRDA:107,7,2,1
BRDA:107,7,3,1
BRDA:107,7,4,1
BRDA:107,7,5,1
BRDA:107,7,6,1
BRDA:107,7,7,1
BRDA:107,7,8,1
BRDA:160,8,0,1
BRDA:167,9,0,2
BRDA:167,9,1,1
BRDA:170,10,0,1
BRDA:170,10,1,1
BRDA:186,11,0,0
BRDA:197,12,0,1
BRDA:212,13,0,0
BRDA:212,13,1,0
BRDA:214,14,0,0
BRDA:214,15,0,0
BRDA:214,15,1,0
BRDA:232,16,0,1
BRDA:234,17,0,1
BRDA:234,17,1,0
BRDA:234,17,2,0
BRDA:238,18,0,0
BRF:35
BRH:23
end_of_record
TN:
SF:src\providers\IconCompletionProvider.ts
FN:8,(anonymous_9)
FN:10,(anonymous_10)
FN:29,(anonymous_11)
FN:44,(anonymous_12)
FN:57,(anonymous_13)
FN:83,(anonymous_14)
FN:114,(anonymous_15)
FN:124,(anonymous_16)
FN:134,(anonymous_17)
FN:143,(anonymous_18)
FN:164,(anonymous_19)
FNF:11
FNH:10
FNDA:14,(anonymous_9)
FNDA:14,(anonymous_10)
FNDA:25,(anonymous_11)
FNDA:19,(anonymous_12)
FNDA:18,(anonymous_13)
FNDA:3,(anonymous_14)
FNDA:0,(anonymous_15)
FNDA:3,(anonymous_16)
FNDA:18,(anonymous_17)
FNDA:3,(anonymous_18)
FNDA:15,(anonymous_19)
DA:1,1
DA:2,1
DA:3,1
DA:5,1
DA:7,1
DA:8,14
DA:16,14
DA:17,14
DA:20,14
DA:21,14
DA:24,14
DA:29,25
DA:30,14
DA:32,3
DA:33,3
DA:35,3
DA:39,11
DA:44,19
DA:45,11
DA:46,3
DA:50,8
DA:57,18
DA:58,8
DA:60,5
DA:61,5
DA:63,5
DA:64,15
DA:65,15
DA:66,15
DA:69,15
DA:70,15
DA:71,15
DA:72,15
DA:73,15
DA:76,15
DA:77,15
DA:80,5
DA:84,3
DA:85,3
DA:87,3
DA:89,0
DA:90,0
DA:91,0
DA:92,0
DA:93,0
DA:94,0
DA:95,0
DA:96,0
DA:100,3
DA:101,0
DA:102,0
DA:103,0
DA:104,0
DA:105,0
DA:107,0
DA:108,0
DA:113,3
DA:114,3
DA:115,0
DA:116,0
DA:117,0
DA:121,0
DA:125,3
DA:134,3
DA:135,18
DA:136,18
DA:137,18
DA:138,18
DA:139,18
DA:144,3
DA:145,3
DA:146,3
DA:147,3
DA:149,3
DA:150,3
DA:152,3
DA:154,3
DA:155,0
DA:156,0
DA:158,0
DA:160,3
DA:166,15
DA:173,15
DA:174,15
LF:84
LH:62
BRDA:30,0,0,3
BRDA:33,1,0,3
BRDA:33,1,1,0
BRDA:45,2,0,3
BRDA:58,3,0,3
BRDA:65,4,0,15
BRDA:65,4,1,0
BRDA:69,5,0,15
BRDA:76,6,0,10
BRDA:76,6,1,5
BRDA:87,7,0,0
BRDA:87,7,1,3
BRDA:87,8,0,3
BRDA:87,8,1,3
BRDA:115,9,0,0
BRDA:147,10,0,0
BRDA:147,11,0,3
BRDA:147,11,1,3
BRDA:150,12,0,0
BRDA:155,13,0,0
BRF:20
BRH:13
end_of_record
TN:
SF:src\providers\IconHoverProvider.ts
FN:6,(anonymous_9)
FN:8,(anonymous_10)
FN:77,(anonymous_11)
FNF:3
FNH:3
FNDA:13,(anonymous_9)
FNDA:13,(anonymous_10)
FNDA:8,(anonymous_11)
DA:1,1
DA:3,1
DA:5,1
DA:6,13
DA:13,13
DA:14,13
DA:17,13
DA:20,13
DA:29,13
DA:31,24
DA:32,12
DA:33,12
DA:34,12
DA:37,12
DA:38,10
DA:40,10
DA:41,9
DA:42,9
DA:43,9
DA:46,9
DA:47,8
DA:48,8
DA:51,9
DA:52,9
DA:53,9
DA:54,9
DA:56,9
DA:61,9
DA:64,1
DA:65,1
DA:66,1
DA:68,1
DA:74,3
DA:79,8
DA:80,8
DA:83,8
DA:89,8
DA:90,1
DA:94,8
DA:100,8
DA:105,8
LF:41
LH:41
BRDA:37,0,0,10
BRDA:37,1,0,12
BRDA:37,1,1,10
BRDA:40,2,0,9
BRDA:40,2,1,1
BRDA:46,3,0,8
BRDA:53,4,0,9
BRDA:53,4,1,0
BRDA:80,5,0,7
BRDA:80,5,1,1
BRDA:89,6,0,1
BRF:11
BRH:10
end_of_record
TN:
SF:src\providers\IconPreviewProvider.ts
FN:12,(anonymous_9)
FN:14,(anonymous_10)
FN:29,(anonymous_11)
FN:68,(anonymous_12)
FN:110,(anonymous_13)
FN:138,(anonymous_14)
FN:178,(anonymous_15)
FN:195,(anonymous_16)
FN:207,(anonymous_17)
FN:218,(anonymous_18)
FN:228,(anonymous_19)
FNF:11
FNH:8
FNDA:17,(anonymous_9)
FNDA:16,(anonymous_10)
FNDA:9,(anonymous_11)
FNDA:1,(anonymous_12)
FNDA:0,(anonymous_13)
FNDA:1,(anonymous_14)
FNDA:0,(anonymous_15)
FNDA:0,(anonymous_16)
FNDA:3,(anonymous_17)
FNDA:1,(anonymous_18)
FNDA:20,(anonymous_19)
DA:1,1
DA:3,1
DA:4,1
DA:12,17
DA:19,16
DA:21,16
DA:26,16
DA:29,16
DA:30,9
DA:32,2
DA:33,1
DA:34,1
DA:35,1
DA:36,1
DA:37,1
DA:38,1
DA:40,2
DA:42,1
DA:43,1
DA:44,1
DA:46,1
DA:49,2
DA:50,2
DA:51,2
DA:52,2
DA:54,2
DA:57,1
DA:58,1
DA:62,1
DA:64,1
DA:66,1
DA:67,1
DA:68,2
DA:69,1
DA:84,1
DA:91,0
DA:94,1
DA:96,0
DA:98,0
DA:107,0
DA:109,0
DA:110,0
DA:111,0
DA:118,0
DA:120,1
DA:121,1
DA:123,1
DA:125,1
DA:126,1
DA:127,1
DA:128,1
DA:133,1
DA:139,1
DA:140,1
DA:141,0
DA:142,0
DA:145,1
DA:148,1
DA:159,1
DA:160,1
DA:162,1
DA:163,1
DA:165,1
DA:166,0
DA:167,0
DA:168,0
DA:170,0
DA:171,0
DA:172,0
DA:173,0
DA:174,0
DA:175,0
DA:178,0
DA:179,0
DA:180,0
DA:186,0
DA:195,1
DA:197,1
DA:203,0
DA:208,3
DA:209,3
DA:210,3
DA:211,3
DA:213,3
DA:214,3
DA:219,1
DA:220,1
DA:221,1
DA:223,1
DA:224,1
DA:229,20
DA:230,17
DA:267,3
DA:268,3
DA:269,3
DA:272,3
LF:96
LH:72
BRDA:30,0,0,2
BRDA:30,0,1,1
BRDA:30,0,2,2
BRDA:30,0,3,1
BRDA:30,0,4,1
BRDA:30,0,5,0
BRDA:30,0,6,0
BRDA:30,0,7,1
BRDA:30,0,8,1
BRDA:32,1,0,1
BRDA:42,2,0,1
BRDA:49,3,0,2
BRDA:49,3,1,1
BRDA:50,4,0,2
BRDA:57,5,0,1
BRDA:57,6,0,1
BRDA:57,6,1,1
BRDA:66,7,0,1
BRDA:96,8,0,0
BRDA:96,9,0,0
BRDA:96,9,1,0
BRDA:103,10,0,0
BRDA:103,10,1,0
BRDA:109,11,0,0
BRDA:109,12,0,0
BRDA:109,12,1,0
BRDA:120,13,0,1
BRDA:125,14,0,1
BRDA:125,15,0,1
BRDA:125,15,1,1
BRDA:140,16,0,0
BRDA:178,17,0,0
BRDA:178,17,1,0
BRDA:179,18,0,0
BRDA:183,19,0,0
BRDA:183,19,1,0
BRDA:195,20,0,0
BRDA:195,20,1,0
BRDA:213,21,0,3
BRDA:223,22,0,1
BRDA:229,23,0,17
BRDA:268,24,0,3
BRDA:268,25,0,3
BRDA:268,25,1,3
BRDA:542,26,0,1
BRDA:542,26,1,2
BRDA:542,27,0,1
BRDA:542,27,1,0
BRDA:542,28,0,1
BRDA:542,28,1,0
BRDA:571,29,0,1
BRDA:571,29,1,2
BRDA:576,30,0,1
BRDA:576,30,1,2
BRF:54
BRH:34
end_of_record
TN:
SF:src\providers\SvgToIconCodeActionProvider.ts
FN:16,(anonymous_9)
FN:85,(anonymous_10)
FN:95,(anonymous_11)
FN:142,(anonymous_12)
FN:168,(anonymous_13)
FN:172,(anonymous_14)
FN:206,(anonymous_15)
FN:215,(anonymous_16)
FNF:8
FNH:8
FNDA:10,(anonymous_9)
FNDA:10,(anonymous_10)
FNDA:9,(anonymous_11)
FNDA:9,(anonymous_12)
FNDA:11,(anonymous_13)
FNDA:7,(anonymous_14)
FNDA:7,(anonymous_15)
FNDA:1,(anonymous_16)
DA:1,1
DA:2,1
DA:4,1
DA:10,1
DA:11,1
DA:22,10
DA:25,10
DA:26,10
DA:29,10
DA:32,10
DA:35,10
DA:38,10
DA:43,10
DA:44,9
DA:45,9
DA:46,9
DA:47,9
DA:48,9
DA:54,9
DA:62,9
DA:65,9
DA:66,9
DA:70,10
DA:71,1
DA:72,1
DA:74,1
DA:78,1
DA:79,1
DA:82,10
DA:87,10
DA:89,10
DA:103,9
DA:104,9
DA:106,9
DA:112,9
DA:115,9
DA:116,8
DA:117,1
DA:118,0
DA:119,1
DA:120,0
DA:121,1
DA:122,0
DA:125,1
DA:128,9
DA:129,9
DA:132,9
DA:138,9
DA:139,9
DA:147,9
DA:152,9
DA:158,9
DA:165,1
DA:169,11
DA:173,7
DA:174,1
DA:175,1
DA:178,6
DA:179,6
DA:182,6
DA:185,6
DA:186,6
DA:187,6
DA:188,6
DA:190,6
DA:192,6
DA:197,6
DA:198,6
DA:200,6
DA:203,6
DA:207,7
DA:212,7
DA:216,1
LF:73
LH:70
BRDA:66,0,0,9
BRDA:82,1,0,9
BRDA:82,1,1,1
BRDA:108,2,0,9
BRDA:108,2,1,0
BRDA:115,3,0,8
BRDA:115,3,1,1
BRDA:117,4,0,0
BRDA:117,4,1,1
BRDA:119,5,0,0
BRDA:119,5,1,1
BRDA:121,6,0,0
BRDA:121,6,1,1
BRDA:173,7,0,1
BRF:14
BRH:10
end_of_record
TN:
SF:src\providers\WorkspaceSvgProvider.ts
FN:10,getTempIconDir
FN:20,saveTempSvgIcon
FN:107,(anonymous_11)
FN:112,(anonymous_12)
FN:124,(anonymous_13)
FN:128,(anonymous_14)
FN:150,(anonymous_15)
FN:162,(anonymous_16)
FN:178,(anonymous_17)
FN:192,(anonymous_18)
FN:207,(anonymous_19)
FN:235,(anonymous_20)
FN:270,(anonymous_21)
FN:281,(anonymous_22)
FN:311,(anonymous_23)
FN:327,(anonymous_24)
FN:349,(anonymous_25)
FN:454,(anonymous_26)
FN:459,(anonymous_27)
FN:518,(anonymous_28)
FN:534,(anonymous_29)
FN:549,(anonymous_30)
FN:590,(anonymous_31)
FN:591,(anonymous_32)
FN:601,(anonymous_33)
FN:612,(anonymous_34)
FN:623,(anonymous_35)
FN:633,(anonymous_36)
FN:637,(anonymous_37)
FN:719,(anonymous_38)
FN:731,(anonymous_39)
FN:746,(anonymous_40)
FN:750,(anonymous_41)
FN:755,(anonymous_42)
FN:788,(anonymous_43)
FN:845,(anonymous_44)
FN:884,(anonymous_45)
FN:889,(anonymous_46)
FN:894,(anonymous_47)
FN:902,(anonymous_48)
FNF:40
FNH:15
FNDA:4,getTempIconDir
FNDA:4,saveTempSvgIcon
FNDA:27,(anonymous_11)
FNDA:2,(anonymous_12)
FNDA:2,(anonymous_13)
FNDA:0,(anonymous_14)
FNDA:0,(anonymous_15)
FNDA:0,(anonymous_16)
FNDA:0,(anonymous_17)
FNDA:0,(anonymous_18)
FNDA:0,(anonymous_19)
FNDA:0,(anonymous_20)
FNDA:0,(anonymous_21)
FNDA:0,(anonymous_22)
FNDA:0,(anonymous_23)
FNDA:0,(anonymous_24)
FNDA:0,(anonymous_25)
FNDA:2,(anonymous_26)
FNDA:0,(anonymous_27)
FNDA:2,(anonymous_28)
FNDA:2,(anonymous_29)
FNDA:0,(anonymous_30)
FNDA:0,(anonymous_31)
FNDA:0,(anonymous_32)
FNDA:0,(anonymous_33)
FNDA:0,(anonymous_34)
FNDA:0,(anonymous_35)
FNDA:0,(anonymous_36)
FNDA:0,(anonymous_37)
FNDA:0,(anonymous_38)
FNDA:0,(anonymous_39)
FNDA:2,(anonymous_40)
FNDA:2,(anonymous_41)
FNDA:5,(anonymous_42)
FNDA:0,(anonymous_43)
FNDA:0,(anonymous_44)
FNDA:2,(anonymous_45)
FNDA:2,(anonymous_46)
FNDA:2,(anonymous_47)
FNDA:30,(anonymous_48)
DA:1,1
DA:2,1
DA:3,1
DA:4,1
DA:5,1
DA:11,4
DA:12,1
DA:13,1
DA:14,1
DA:17,4
DA:21,4
DA:22,4
DA:23,4
DA:26,4
DA:29,4
DA:30,4
DA:35,4
DA:36,4
DA:38,4
DA:40,4
DA:41,0
DA:43,0
DA:44,0
DA:45,0
DA:47,0
DA:48,0
DA:52,4
DA:54,4
DA:59,4
DA:60,4
DA:64,4
DA:65,4
DA:93,1
DA:94,27
DA:95,27
DA:97,27
DA:98,27
DA:99,27
DA:100,27
DA:101,27
DA:103,27
DA:104,27
DA:105,27
DA:108,27
DA:114,2
DA:115,2
DA:116,2
DA:117,2
DA:118,2
DA:119,2
DA:120,2
DA:121,2
DA:125,2
DA:130,0
DA:131,0
DA:132,0
DA:133,0
DA:134,0
DA:137,0
DA:139,0
DA:140,0
DA:141,0
DA:150,0
DA:161,0
DA:162,0
DA:163,0
DA:164,0
DA:177,0
DA:178,0
DA:180,0
DA:181,0
DA:193,0
DA:195,0
DA:197,0
DA:199,0
DA:201,0
DA:203,0
DA:204,0
DA:208,0
DA:209,0
DA:210,0
DA:212,0
DA:215,0
DA:216,0
DA:217,0
DA:218,0
DA:219,0
DA:220,0
DA:225,0
DA:226,0
DA:227,0
DA:230,0
DA:231,0
DA:236,0
DA:238,0
DA:239,0
DA:241,0
DA:242,0
DA:243,0
DA:246,0
DA:247,0
DA:248,0
DA:249,0
DA:251,0
DA:252,0
DA:253,0
DA:255,0
DA:256,0
DA:266,0
DA:271,0
DA:273,0
DA:274,0
DA:276,0
DA:277,0
DA:282,0
DA:284,0
DA:285,0
DA:287,0
DA:288,0
DA:290,0
DA:292,0
DA:293,0
DA:294,0
DA:296,0
DA:297,0
DA:307,0
DA:312,0
DA:314,0
DA:316,0
DA:317,0
DA:319,0
DA:320,0
DA:322,0
DA:323,0
DA:328,0
DA:329,0
DA:330,0
DA:332,0
DA:333,0
DA:334,0
DA:344,0
DA:350,0
DA:352,0
DA:354,0
DA:356,0
DA:357,0
DA:359,0
DA:362,0
DA:363,0
DA:364,0
DA:366,0
DA:367,0
DA:368,0
DA:370,0
DA:371,0
DA:373,0
DA:374,0
DA:375,0
DA:377,0
DA:381,0
DA:384,0
DA:385,0
DA:386,0
DA:387,0
DA:388,0
DA:390,0
DA:393,0
DA:396,0
DA:405,0
DA:408,0
DA:410,0
DA:413,0
DA:417,0
DA:418,0
DA:419,0
DA:420,0
DA:422,0
DA:424,0
DA:425,0
DA:426,0
DA:427,0
DA:429,0
DA:432,0
DA:435,0
DA:436,0
DA:446,0
DA:448,0
DA:455,2
DA:460,0
DA:461,0
DA:462,0
DA:464,0
DA:465,0
DA:468,0
DA:469,0
DA:470,0
DA:473,0
DA:474,0
DA:476,0
DA:477,0
DA:480,0
DA:481,0
DA:483,0
DA:486,0
DA:487,0
DA:492,0
DA:494,0
DA:495,0
DA:496,0
DA:497,0
DA:498,0
DA:500,0
DA:505,0
DA:507,0
DA:510,0
DA:512,0
DA:514,0
DA:519,2
DA:522,2
DA:523,0
DA:527,2
DA:528,0
DA:531,2
DA:536,2
DA:537,2
DA:540,2
DA:541,0
DA:542,0
DA:546,2
DA:550,0
DA:553,0
DA:554,0
DA:555,0
DA:556,0
DA:563,0
DA:564,0
DA:565,0
DA:566,0
DA:570,0
DA:571,0
DA:575,0
DA:576,0
DA:577,0
DA:578,0
DA:579,0
DA:580,0
DA:584,0
DA:585,0
DA:589,0
DA:590,0
DA:593,0
DA:594,0
DA:595,0
DA:597,0
DA:602,0
DA:605,0
DA:606,0
DA:607,0
DA:608,0
DA:609,0
DA:612,0
DA:616,0
DA:617,0
DA:618,0
DA:619,0
DA:620,0
DA:623,0
DA:627,0
DA:628,0
DA:629,0
DA:633,0
DA:638,0
DA:639,0
DA:641,0
DA:642,0
DA:645,0
DA:648,0
DA:653,0
DA:654,0
DA:655,0
DA:658,0
DA:660,0
DA:663,0
DA:664,0
DA:667,0
DA:668,0
DA:672,0
DA:674,0
DA:676,0
DA:677,0
DA:680,0
DA:681,0
DA:684,0
DA:685,0
DA:688,0
DA:691,0
DA:692,0
DA:694,0
DA:708,0
DA:711,0
DA:715,0
DA:716,0
DA:721,0
DA:722,0
DA:725,0
DA:726,0
DA:729,0
DA:730,0
DA:731,0
DA:732,0
DA:736,0
DA:737,0
DA:738,0
DA:739,0
DA:743,0
DA:747,2
DA:751,2
DA:756,5
DA:758,3
DA:760,3
DA:761,3
DA:771,0
DA:772,0
DA:773,0
DA:774,0
DA:780,0
DA:784,0
DA:789,0
DA:791,0
DA:792,0
DA:794,0
DA:795,0
DA:798,0
DA:799,0
DA:800,0
DA:801,0
DA:805,0
DA:806,0
DA:807,0
DA:810,0
DA:811,0
DA:813,0
DA:814,0
DA:816,0
DA:817,0
DA:818,0
DA:819,0
DA:821,0
DA:823,0
DA:830,0
DA:831,0
DA:832,0
DA:833,0
DA:835,0
DA:836,0
DA:837,0
DA:838,0
DA:840,0
DA:841,0
DA:844,0
DA:845,0
DA:847,0
DA:848,0
DA:855,0
DA:865,0
DA:866,0
DA:867,0
DA:868,0
DA:869,0
DA:873,0
DA:874,0
DA:877,0
DA:879,0
DA:885,2
DA:890,2
DA:895,2
DA:901,1
DA:903,30
DA:904,30
DA:905,30
DA:906,30
DA:907,30
DA:908,30
DA:909,30
DA:911,30
DA:913,30
DA:914,8
DA:916,8
DA:917,1
DA:918,7
DA:919,1
DA:921,6
DA:923,8
DA:924,22
DA:925,3
DA:926,3
DA:927,3
DA:931,19
DA:933,2
DA:934,2
DA:935,2
DA:936,2
DA:941,17
DA:943,16
DA:944,6
DA:947,10
DA:948,2
DA:952,16
DA:953,7
DA:954,9
DA:955,2
DA:957,7
DA:961,16
DA:963,16
DA:964,7
DA:967,16
DA:968,2
DA:969,2
DA:971,2
DA:972,7
DA:973,7
DA:975,2
DA:976,1
DA:981,16
DA:982,10
DA:984,6
DA:986,2
DA:987,2
DA:988,2
DA:994,4
DA:998,16
DA:999,4
DA:1000,4
DA:1001,4
DA:1003,0
DA:1008,12
LF:436
LH:124
BRDA:11,0,0,1
BRDA:13,1,0,1
BRDA:29,2,0,4
BRDA:29,3,0,4
BRDA:29,3,1,4
BRDA:43,4,0,0
BRDA:43,5,0,0
BRDA:43,5,1,0
BRDA:44,6,0,0
BRDA:44,7,0,0
BRDA:44,7,1,0
BRDA:44,7,2,0
BRDA:44,7,3,0
BRDA:44,7,4,0
BRDA:52,8,0,4
BRDA:59,9,0,4
BRDA:130,10,0,0
BRDA:130,11,0,0
BRDA:130,11,1,0
BRDA:137,12,0,0
BRDA:140,13,0,0
BRDA:161,14,0,0
BRDA:161,15,0,0
BRDA:161,15,1,0
BRDA:161,15,2,0
BRDA:180,16,0,0
BRDA:180,16,1,0
BRDA:184,17,0,0
BRDA:184,17,1,0
BRDA:218,18,0,0
BRDA:225,19,0,0
BRDA:235,20,0,0
BRDA:236,21,0,0
BRDA:243,22,0,0
BRDA:243,22,1,0
BRDA:246,23,0,0
BRDA:246,23,1,0
BRDA:248,24,0,0
BRDA:251,25,0,0
BRDA:251,26,0,0
BRDA:251,26,1,0
BRDA:253,27,0,0
BRDA:253,27,1,0
BRDA:260,28,0,0
BRDA:260,28,1,0
BRDA:274,29,0,0
BRDA:282,30,0,0
BRDA:290,31,0,0
BRDA:290,31,1,0
BRDA:293,32,0,0
BRDA:293,33,0,0
BRDA:293,33,1,0
BRDA:314,34,0,0
BRDA:314,34,1,0
BRDA:316,35,0,0
BRDA:316,35,1,0
BRDA:316,35,2,0
BRDA:319,36,0,0
BRDA:322,37,0,0
BRDA:332,38,0,0
BRDA:338,39,0,0
BRDA:338,39,1,0
BRDA:339,40,0,0
BRDA:339,40,1,0
BRDA:354,41,0,0
BRDA:357,42,0,0
BRDA:364,43,0,0
BRDA:364,43,1,0
BRDA:364,44,0,0
BRDA:364,44,1,0
BRDA:370,45,0,0
BRDA:370,45,1,0
BRDA:418,46,0,0
BRDA:435,47,0,0
BRDA:464,48,0,0
BRDA:469,49,0,0
BRDA:476,50,0,0
BRDA:494,51,0,0
BRDA:494,51,1,0
BRDA:536,52,0,2
BRDA:536,52,1,2
BRDA:537,53,0,0
BRDA:541,54,0,0
BRDA:541,55,0,0
BRDA:541,55,1,0
BRDA:554,56,0,0
BRDA:554,56,1,0
BRDA:557,57,0,0
BRDA:557,57,1,0
BRDA:566,58,0,0
BRDA:566,58,1,0
BRDA:575,59,0,0
BRDA:578,60,0,0
BRDA:580,61,0,0
BRDA:580,61,1,0
BRDA:593,62,0,0
BRDA:594,63,0,0
BRDA:595,64,0,0
BRDA:605,65,0,0
BRDA:608,66,0,0
BRDA:616,67,0,0
BRDA:619,68,0,0
BRDA:619,69,0,0
BRDA:619,69,1,0
BRDA:623,70,0,0
BRDA:623,70,1,0
BRDA:623,71,0,0
BRDA:623,71,1,0
BRDA:628,72,0,0
BRDA:642,73,0,0
BRDA:658,74,0,0
BRDA:658,75,0,0
BRDA:658,75,1,0
BRDA:658,75,2,0
BRDA:658,75,3,0
BRDA:667,76,0,0
BRDA:680,77,0,0
BRDA:722,78,0,0
BRDA:726,79,0,0
BRDA:730,80,0,0
BRDA:732,81,0,0
BRDA:732,82,0,0
BRDA:732,82,1,0
BRDA:736,83,0,0
BRDA:739,84,0,0
BRDA:756,85,0,2
BRDA:760,86,0,3
BRDA:764,87,0,1
BRDA:764,87,1,2
BRDA:764,88,0,3
BRDA:764,88,1,1
BRDA:771,89,0,0
BRDA:771,90,0,0
BRDA:771,90,1,0
BRDA:789,91,0,0
BRDA:792,92,0,0
BRDA:800,93,0,0
BRDA:805,94,0,0
BRDA:833,95,0,0
BRDA:833,95,1,0
BRDA:835,96,0,0
BRDA:840,97,0,0
BRDA:845,98,0,0
BRDA:845,98,1,0
BRDA:847,99,0,0
BRDA:866,100,0,0
BRDA:867,101,0,0
BRDA:867,101,1,0
BRDA:885,102,0,2
BRDA:885,102,1,2
BRDA:895,103,0,2
BRDA:895,103,1,2
BRDA:895,103,2,2
BRDA:913,104,0,8
BRDA:913,104,1,22
BRDA:916,105,0,1
BRDA:916,105,1,7
BRDA:918,106,0,1
BRDA:918,106,1,6
BRDA:924,107,0,3
BRDA:924,107,1,19
BRDA:931,108,0,2
BRDA:931,108,1,17
BRDA:931,109,0,19
BRDA:931,109,1,2
BRDA:941,110,0,16
BRDA:943,111,0,6
BRDA:943,111,1,10
BRDA:943,112,0,16
BRDA:943,112,1,7
BRDA:944,113,0,2
BRDA:944,113,1,4
BRDA:946,114,0,3
BRDA:946,114,1,1
BRDA:947,115,0,2
BRDA:952,116,0,7
BRDA:952,116,1,9
BRDA:954,117,0,2
BRDA:954,117,1,7
BRDA:963,118,0,7
BRDA:967,119,0,2
BRDA:967,120,0,16
BRDA:967,120,1,2
BRDA:969,121,0,2
BRDA:969,121,1,0
BRDA:975,122,0,1
BRDA:981,123,0,10
BRDA:981,123,1,6
BRDA:984,124,0,2
BRDA:984,124,1,4
BRDA:984,125,0,6
BRDA:984,125,1,2
BRDA:984,125,2,2
BRDA:998,126,0,4
BRDA:998,126,1,12
BRDA:1003,127,0,0
BRDA:1003,127,1,0
BRDA:1008,128,0,7
BRDA:1008,128,1,5
BRF:199
BRH:63
end_of_record
TN:
SF:src\services\ComponentExporter.ts
FN:30,(anonymous_0)
FN:59,(anonymous_1)
FN:75,(anonymous_2)
FN:149,(anonymous_3)
FN:186,(anonymous_4)
FN:229,(anonymous_5)
FN:278,(anonymous_6)
FN:313,(anonymous_7)
FN:355,(anonymous_8)
FN:415,(anonymous_9)
FN:456,(anonymous_10)
FN:477,(anonymous_11)
FN:500,(anonymous_12)
FN:527,(anonymous_13)
FN:530,(anonymous_14)
FN:534,(anonymous_15)
FN:545,getComponentExporter
FNF:17
FNH:16
FNDA:31,(anonymous_0)
FNDA:2,(anonymous_1)
FNDA:16,(anonymous_2)
FNDA:2,(anonymous_3)
FNDA:1,(anonymous_4)
FNDA:1,(anonymous_5)
FNDA:2,(anonymous_6)
FNDA:2,(anonymous_7)
FNDA:4,(anonymous_8)
FNDA:3,(anonymous_9)
FNDA:31,(anonymous_10)
FNDA:23,(anonymous_11)
FNDA:2,(anonymous_12)
FNDA:31,(anonymous_13)
FNDA:64,(anonymous_14)
FNDA:2,(anonymous_15)
FNDA:0,getComponentExporter
DA:25,1
DA:31,31
DA:33,31
DA:36,16
DA:38,2
DA:40,1
DA:42,1
DA:44,2
DA:46,2
DA:48,4
DA:50,3
DA:52,0
DA:60,2
DA:76,16
DA:77,16
DA:78,16
DA:81,16
DA:84,16
DA:92,16
DA:94,16
DA:95,13
DA:96,13
DA:98,3
DA:101,16
DA:105,16
DA:106,1
DA:107,1
DA:109,15
DA:112,16
DA:113,16
DA:114,16
DA:115,16
DA:116,16
DA:117,16
DA:118,16
DA:119,16
DA:120,16
DA:121,16
DA:122,16
DA:123,16
DA:124,16
DA:125,16
DA:127,16
DA:128,1
DA:129,1
DA:131,15
DA:134,16
DA:135,1
DA:137,15
DA:140,16
DA:150,2
DA:151,2
DA:152,2
DA:154,2
DA:156,2
DA:171,2
DA:172,2
DA:173,2
DA:174,2
DA:175,2
DA:177,2
DA:187,1
DA:188,1
DA:190,1
DA:192,1
DA:220,1
DA:230,1
DA:231,1
DA:233,1
DA:235,1
DA:269,1
DA:279,2
DA:280,2
DA:282,2
DA:284,2
DA:304,2
DA:314,2
DA:315,2
DA:316,2
DA:318,2
DA:320,2
DA:346,2
DA:356,4
DA:357,4
DA:358,4
DA:360,4
DA:362,4
DA:364,4
DA:365,3
DA:378,1
DA:387,4
DA:406,4
DA:416,3
DA:417,3
DA:418,3
DA:420,3
DA:422,3
DA:447,3
DA:457,31
DA:460,31
DA:461,31
DA:462,31
DA:463,31
DA:465,31
DA:466,62
DA:471,31
DA:472,31
DA:474,31
DA:478,23
DA:501,2
DA:528,31
DA:530,64
DA:535,2
DA:545,1
DA:546,0
DA:547,0
DA:549,0
LF:117
LH:113
BRDA:33,0,0,13
BRDA:33,0,1,16
BRDA:33,0,2,2
BRDA:33,0,3,1
BRDA:33,0,4,1
BRDA:33,0,5,2
BRDA:33,0,6,2
BRDA:33,0,7,4
BRDA:33,0,8,3
BRDA:33,0,9,0
BRDA:76,1,0,0
BRDA:76,2,0,0
BRDA:78,3,0,13
BRDA:78,3,1,3
BRDA:84,4,0,13
BRDA:84,4,1,3
BRDA:94,5,0,13
BRDA:94,5,1,3
BRDA:101,6,0,13
BRDA:101,6,1,3
BRDA:105,7,0,1
BRDA:105,7,1,15
BRDA:106,8,0,1
BRDA:106,8,1,0
BRDA:107,9,0,1
BRDA:107,9,1,0
BRDA:107,10,0,1
BRDA:107,10,1,0
BRDA:113,11,0,1
BRDA:113,11,1,15
BRDA:116,12,0,16
BRDA:116,12,1,0
BRDA:117,13,0,16
BRDA:117,13,1,16
BRDA:119,14,0,16
BRDA:119,14,1,16
BRDA:119,14,2,16
BRDA:120,15,0,16
BRDA:120,15,1,16
BRDA:120,15,2,16
BRDA:121,16,0,16
BRDA:121,16,1,16
BRDA:121,16,2,16
BRDA:127,17,0,1
BRDA:127,17,1,15
BRDA:134,18,0,1
BRDA:134,18,1,15
BRDA:134,19,0,16
BRDA:134,19,1,1
BRDA:135,20,0,0
BRDA:135,20,1,1
BRDA:137,21,0,1
BRDA:137,21,1,14
BRDA:137,22,0,1
BRDA:137,22,1,14
BRDA:143,23,0,13
BRDA:143,23,1,3
BRDA:150,24,0,0
BRDA:150,25,0,0
BRDA:152,26,0,2
BRDA:152,26,1,0
BRDA:156,27,0,2
BRDA:156,27,1,0
BRDA:171,28,0,2
BRDA:171,28,1,0
BRDA:180,29,0,2
BRDA:180,29,1,0
BRDA:187,30,0,0
BRDA:187,31,0,0
BRDA:192,32,0,1
BRDA:192,32,1,0
BRDA:193,33,0,1
BRDA:193,33,1,0
BRDA:198,34,0,1
BRDA:198,34,1,0
BRDA:208,35,0,1
BRDA:208,35,1,0
BRDA:209,36,0,1
BRDA:209,36,1,1
BRDA:211,37,0,1
BRDA:211,37,1,1
BRDA:212,38,0,1
BRDA:212,38,1,1
BRDA:213,39,0,1
BRDA:213,39,1,1
BRDA:230,40,0,0
BRDA:230,41,0,0
BRDA:239,42,0,1
BRDA:239,42,1,0
BRDA:240,43,0,1
BRDA:240,43,1,1
BRDA:242,44,0,1
BRDA:242,44,1,1
BRDA:243,45,0,1
BRDA:243,45,1,1
BRDA:244,46,0,1
BRDA:244,46,1,1
BRDA:250,47,0,1
BRDA:250,47,1,0
BRDA:251,48,0,1
BRDA:251,48,1,0
BRDA:253,49,0,1
BRDA:253,49,1,0
BRDA:257,50,0,1
BRDA:257,50,1,0
BRDA:265,51,0,1
BRDA:265,51,1,0
BRDA:279,52,0,0
BRDA:279,53,0,0
BRDA:284,54,0,2
BRDA:284,54,1,0
BRDA:285,55,0,2
BRDA:285,55,1,0
BRDA:286,56,0,2
BRDA:286,56,1,0
BRDA:292,57,0,2
BRDA:292,57,1,0
BRDA:293,58,0,2
BRDA:293,58,1,2
BRDA:295,59,0,2
BRDA:295,59,1,2
BRDA:296,60,0,2
BRDA:296,60,1,2
BRDA:297,61,0,2
BRDA:297,61,1,2
BRDA:314,62,0,0
BRDA:314,63,0,0
BRDA:329,64,0,2
BRDA:329,64,1,0
BRDA:330,65,0,2
BRDA:330,65,1,2
BRDA:332,66,0,2
BRDA:332,66,1,2
BRDA:333,67,0,2
BRDA:333,67,1,2
BRDA:334,68,0,2
BRDA:334,68,1,2
BRDA:356,69,0,0
BRDA:356,70,0,0
BRDA:358,71,0,3
BRDA:358,71,1,1
BRDA:364,72,0,3
BRDA:364,72,1,1
BRDA:390,73,0,4
BRDA:390,73,1,0
BRDA:391,74,0,4
BRDA:391,74,1,4
BRDA:393,75,0,4
BRDA:393,75,1,4
BRDA:394,76,0,4
BRDA:394,76,1,4
BRDA:395,77,0,4
BRDA:395,77,1,4
BRDA:409,78,0,3
BRDA:409,78,1,1
BRDA:416,79,0,0
BRDA:416,80,0,0
BRDA:418,81,0,2
BRDA:418,81,1,1
BRDA:422,82,0,2
BRDA:422,82,1,1
BRDA:424,83,0,2
BRDA:424,83,1,1
BRDA:429,84,0,2
BRDA:429,84,1,1
BRDA:434,85,0,3
BRDA:434,85,1,0
BRDA:435,86,0,3
BRDA:435,86,1,3
BRDA:437,87,0,3
BRDA:437,87,1,3
BRDA:438,88,0,3
BRDA:438,88,1,3
BRDA:439,89,0,3
BRDA:439,89,1,3
BRDA:450,90,0,2
BRDA:450,90,1,1
BRDA:461,91,0,31
BRDA:472,92,0,31
BRDA:472,92,1,0
BRDA:546,93,0,0
BRF:181
BRH:136
end_of_record
TN:
SF:src\services\IconCatalogService.ts
FN:161,(anonymous_9)
FN:167,(anonymous_10)
FN:172,(anonymous_11)
FN:177,(anonymous_12)
FN:186,(anonymous_13)
FN:188,(anonymous_14)
FN:200,(anonymous_15)
FN:234,(anonymous_16)
FN:257,(anonymous_17)
FN:263,(anonymous_18)
FN:301,(anonymous_19)
FN:312,(anonymous_20)
FN:316,(anonymous_21)
FN:317,(anonymous_22)
FN:330,(anonymous_23)
FN:337,(anonymous_24)
FN:341,(anonymous_25)
FN:342,(anonymous_26)
FN:355,(anonymous_27)
FN:362,(anonymous_28)
FN:366,(anonymous_29)
FN:367,(anonymous_30)
FN:380,(anonymous_31)
FN:387,(anonymous_32)
FN:405,(anonymous_33)
FN:424,(anonymous_34)
FN:429,(anonymous_35)
FN:442,(anonymous_36)
FN:480,(anonymous_37)
FN:494,(anonymous_38)
FN:507,(anonymous_39)
FN:513,(anonymous_40)
FN:519,(anonymous_41)
FN:525,(anonymous_42)
FN:526,(anonymous_43)
FN:527,(anonymous_44)
FN:529,(anonymous_45)
FN:530,(anonymous_46)
FN:542,(anonymous_47)
FN:543,(anonymous_48)
FN:544,(anonymous_49)
FN:551,(anonymous_50)
FN:552,(anonymous_51)
FN:558,(anonymous_52)
FN:563,(anonymous_53)
FNF:45
FNH:27
FNDA:38,(anonymous_9)
FNDA:1,(anonymous_10)
FNDA:2,(anonymous_11)
FNDA:6,(anonymous_12)
FNDA:13,(anonymous_13)
FNDA:4,(anonymous_14)
FNDA:8,(anonymous_15)
FNDA:1,(anonymous_16)
FNDA:1,(anonymous_17)
FNDA:1,(anonymous_18)
FNDA:2,(anonymous_19)
FNDA:1,(anonymous_20)
FNDA:0,(anonymous_21)
FNDA:0,(anonymous_22)
FNDA:1,(anonymous_23)
FNDA:1,(anonymous_24)
FNDA:0,(anonymous_25)
FNDA:0,(anonymous_26)
FNDA:1,(anonymous_27)
FNDA:1,(anonymous_28)
FNDA:0,(anonymous_29)
FNDA:0,(anonymous_30)
FNDA:1,(anonymous_31)
FNDA:7,(anonymous_32)
FNDA:18,(anonymous_33)
FNDA:3,(anonymous_34)
FNDA:6,(anonymous_35)
FNDA:3,(anonymous_36)
FNDA:3,(anonymous_37)
FNDA:4,(anonymous_38)
FNDA:20,(anonymous_39)
FNDA:38,(anonymous_40)
FNDA:2,(anonymous_41)
FNDA:0,(anonymous_42)
FNDA:0,(anonymous_43)
FNDA:0,(anonymous_44)
FNDA:0,(anonymous_45)
FNDA:0,(anonymous_46)
FNDA:0,(anonymous_47)
FNDA:0,(anonymous_48)
FNDA:0,(anonymous_49)
FNDA:0,(anonymous_50)
FNDA:0,(anonymous_51)
FNDA:0,(anonymous_52)
FNDA:0,(anonymous_53)
DA:2,2
DA:3,2
DA:4,2
DA:36,2
DA:100,2
DA:156,2
DA:157,38
DA:158,38
DA:162,38
DA:163,38
DA:168,1
DA:173,2
DA:178,6
DA:179,6
DA:183,6
DA:184,11
DA:185,11
DA:186,10
DA:187,13
DA:188,4
DA:190,10
DA:192,1
DA:196,6
DA:202,8
DA:203,1
DA:206,7
DA:208,7
DA:210,2
DA:211,2
DA:213,1
DA:214,1
DA:216,1
DA:217,1
DA:219,1
DA:220,1
DA:222,1
DA:223,1
DA:225,1
DA:229,7
DA:230,7
DA:235,1
DA:237,1
DA:238,0
DA:240,0
DA:241,0
DA:249,0
DA:251,1
DA:252,1
DA:258,1
DA:259,1
DA:264,1
DA:266,1
DA:267,0
DA:269,0
DA:271,0
DA:272,0
DA:273,0
DA:282,0
DA:283,0
DA:284,0
DA:293,0
DA:295,1
DA:296,1
DA:302,2
DA:303,2
DA:304,2
DA:305,2
DA:308,2
DA:313,1
DA:314,1
DA:315,0
DA:316,0
DA:317,0
DA:324,1
DA:325,1
DA:331,1
DA:338,1
DA:339,1
DA:340,0
DA:341,0
DA:342,0
DA:349,1
DA:350,1
DA:356,1
DA:363,1
DA:364,1
DA:365,0
DA:366,0
DA:367,0
DA:374,1
DA:375,1
DA:381,1
DA:388,7
DA:390,1
DA:392,2
DA:394,1
DA:396,1
DA:398,1
DA:400,1
DA:406,18
DA:407,18
DA:416,18
DA:417,18
DA:418,18
DA:420,18
DA:425,3
DA:430,6
DA:432,6
DA:433,10
DA:434,10
DA:435,10
DA:438,6
DA:443,3
DA:444,3
DA:445,3
DA:448,3
DA:449,0
DA:453,3
DA:454,4
DA:455,4
DA:457,4
DA:458,4
DA:461,4
DA:465,4
DA:466,4
DA:467,4
DA:471,3
DA:472,3
DA:473,3
DA:474,3
DA:476,3
DA:481,3
DA:482,3
DA:484,3
DA:485,4
DA:486,4
DA:488,4
DA:489,4
DA:490,4
DA:491,4
DA:492,4
DA:494,4
DA:495,4
DA:498,4
DA:501,3
DA:503,3
DA:508,20
DA:509,20
DA:514,38
DA:515,38
DA:520,2
DA:521,2
DA:526,0
DA:527,0
DA:528,0
DA:529,0
DA:530,0
DA:531,0
DA:532,0
DA:534,0
DA:543,0
DA:544,0
DA:546,0
DA:547,0
DA:550,0
DA:551,0
DA:552,0
DA:559,0
DA:560,0
DA:563,0
DA:565,0
DA:566,0
LF:172
LH:129
BRDA:179,0,0,5
BRDA:179,0,1,1
BRDA:187,1,0,13
BRDA:187,1,1,3
BRDA:202,2,0,1
BRDA:208,3,0,2
BRDA:208,3,1,1
BRDA:208,3,2,1
BRDA:208,3,3,1
BRDA:208,3,4,1
BRDA:208,3,5,1
BRDA:272,4,0,0
BRDA:283,5,0,0
BRDA:304,6,0,1
BRDA:304,6,1,1
BRDA:388,7,0,1
BRDA:388,7,1,2
BRDA:388,7,2,1
BRDA:388,7,3,1
BRDA:388,7,4,1
BRDA:388,7,5,1
BRDA:433,8,0,10
BRDA:433,8,1,8
BRDA:448,9,0,0
BRDA:455,10,0,0
BRDA:457,11,0,4
BRDA:457,11,1,0
BRDA:486,12,0,0
BRDA:546,13,0,0
BRDA:546,14,0,0
BRDA:546,14,1,0
BRF:31
BRH:22
end_of_record
TN:
SF:src\services\SpriteGenerator.ts
FN:48,(anonymous_9)
FN:88,(anonymous_10)
FN:122,(anonymous_11)
FN:166,(anonymous_12)
FN:181,(anonymous_13)
FN:182,(anonymous_14)
FN:190,(anonymous_15)
FN:207,(anonymous_16)
FN:222,(anonymous_17)
FN:227,(anonymous_18)
FN:266,(anonymous_19)
FN:273,(anonymous_20)
FN:277,(anonymous_21)
FN:308,(anonymous_22)
FN:314,(anonymous_23)
FN:318,(anonymous_24)
FN:326,(anonymous_25)
FN:347,(anonymous_26)
FN:356,(anonymous_27)
FN:430,(anonymous_28)
FN:440,(anonymous_29)
FN:451,getSpriteGenerator
FNF:22
FNH:22
FNDA:46,(anonymous_9)
FNDA:8,(anonymous_10)
FNDA:119,(anonymous_11)
FNDA:46,(anonymous_12)
FNDA:8,(anonymous_13)
FNDA:24,(anonymous_14)
FNDA:24,(anonymous_15)
FNDA:18,(anonymous_16)
FNDA:8,(anonymous_17)
FNDA:24,(anonymous_18)
FNDA:24,(anonymous_19)
FNDA:3,(anonymous_20)
FNDA:9,(anonymous_21)
FNDA:9,(anonymous_22)
FNDA:3,(anonymous_23)
FNDA:9,(anonymous_24)
FNDA:9,(anonymous_25)
FNDA:4,(anonymous_26)
FNDA:12,(anonymous_27)
FNDA:5,(anonymous_28)
FNDA:119,(anonymous_29)
FNDA:2,getSpriteGenerator
DA:2,1
DA:3,1
DA:43,1
DA:49,46
DA:50,46
DA:51,46
DA:53,46
DA:54,119
DA:55,119
DA:56,119
DA:57,119
DA:60,46
DA:62,46
DA:73,46
DA:74,8
DA:78,46
DA:79,18
DA:82,46
DA:89,8
DA:91,8
DA:92,8
DA:95,8
DA:96,1
DA:100,8
DA:101,8
DA:104,8
DA:105,1
DA:106,1
DA:110,8
DA:111,5
DA:112,5
DA:113,5
DA:116,8
DA:123,119
DA:124,119
DA:127,119
DA:128,119
DA:129,118
DA:130,118
DA:134,119
DA:135,119
DA:138,119
DA:139,1
DA:143,119
DA:145,119
DA:146,3
DA:149,119
DA:150,3
DA:153,119
DA:154,119
DA:156,119
DA:167,46
DA:182,24
DA:184,8
DA:190,24
DA:208,18
DA:210,8
DA:212,3
DA:214,3
DA:216,4
DA:218,0
DA:223,8
DA:225,8
DA:227,24
DA:266,24
DA:274,3
DA:276,3
DA:277,9
DA:308,9
DA:315,3
DA:317,3
DA:318,9
DA:326,9
DA:348,4
DA:350,4
DA:356,12
DA:431,5
DA:432,2
DA:433,1
DA:434,1
DA:435,1
DA:436,0
DA:441,119
DA:451,1
DA:452,2
DA:453,1
DA:455,2
LF:87
LH:85
BRDA:73,0,0,8
BRDA:78,1,0,18
BRDA:78,2,0,46
BRDA:78,2,1,18
BRDA:92,3,0,8
BRDA:92,3,1,0
BRDA:95,4,0,1
BRDA:104,5,0,1
BRDA:110,6,0,5
BRDA:110,7,0,8
BRDA:110,7,1,5
BRDA:123,8,0,119
BRDA:123,8,1,0
BRDA:128,9,0,118
BRDA:130,10,0,117
BRDA:130,10,1,1
BRDA:135,11,0,119
BRDA:135,11,1,0
BRDA:138,12,0,1
BRDA:145,13,0,3
BRDA:149,14,0,3
BRDA:208,15,0,8
BRDA:208,15,1,3
BRDA:208,15,2,3
BRDA:208,15,3,4
BRDA:208,15,4,0
BRDA:223,16,0,8
BRDA:223,16,1,1
BRDA:274,17,0,3
BRDA:274,17,1,0
BRDA:315,18,0,3
BRDA:315,18,1,0
BRDA:348,19,0,4
BRDA:348,19,1,0
BRDA:431,20,0,2
BRDA:431,20,1,1
BRDA:431,20,2,1
BRDA:431,20,3,1
BRDA:431,20,4,0
BRDA:452,21,0,1
BRF:40
BRH:32
end_of_record
TN:
SF:src\services\SvgOptimizer.ts
FN:59,(anonymous_0)
FN:96,(anonymous_1)
FN:167,(anonymous_2)
FN:176,(anonymous_3)
FNF:4
FNH:4
FNDA:20,(anonymous_0)
FNDA:20,(anonymous_1)
FNDA:24,(anonymous_2)
FNDA:14,(anonymous_3)
DA:1,3
DA:33,3
DA:55,3
DA:60,20
DA:61,20
DA:63,20
DA:68,20
DA:69,20
DA:70,20
DA:71,20
DA:72,20
DA:74,20
DA:83,0
DA:97,20
DA:103,20
DA:104,20
DA:105,20
DA:106,20
DA:107,20
DA:108,20
DA:109,20
DA:110,20
DA:111,20
DA:112,20
DA:113,20
DA:114,20
DA:116,20
DA:117,20
DA:123,20
DA:124,20
DA:130,20
DA:131,20
DA:140,20
DA:141,20
DA:147,20
DA:148,3
DA:151,20
DA:152,0
DA:156,20
DA:157,20
DA:158,20
DA:159,20
DA:161,20
DA:168,24
DA:169,3
DA:170,1
DA:177,14
LF:47
LH:45
BRDA:59,0,0,0
BRDA:72,1,0,20
BRDA:72,1,1,0
BRDA:103,2,0,20
BRDA:104,3,0,20
BRDA:105,4,0,3
BRDA:106,5,0,20
BRDA:107,6,0,20
BRDA:108,7,0,20
BRDA:109,8,0,20
BRDA:110,9,0,20
BRDA:111,10,0,20
BRDA:112,11,0,20
BRDA:113,12,0,20
BRDA:114,13,0,20
BRDA:116,14,0,20
BRDA:123,15,0,20
BRDA:130,16,0,20
BRDA:134,17,0,20
BRDA:134,17,1,0
BRDA:135,18,0,20
BRDA:135,18,1,0
BRDA:140,19,0,20
BRDA:143,20,0,20
BRDA:143,20,1,0
BRDA:147,21,0,3
BRDA:151,22,0,0
BRDA:168,23,0,21
BRDA:169,24,0,2
BRF:29
BRH:23
end_of_record
TN:
SF:src\services\SvgTransformer.ts
FN:18,(anonymous_0)
FN:58,(anonymous_1)
FN:83,(anonymous_2)
FN:106,(anonymous_3)
FN:114,(anonymous_4)
FN:131,(anonymous_5)
FN:135,(anonymous_6)
FN:139,(anonymous_7)
FN:143,(anonymous_8)
FN:147,(anonymous_9)
FN:164,(anonymous_10)
FN:182,(anonymous_11)
FN:190,(anonymous_12)
FN:202,(anonymous_13)
FN:217,(anonymous_14)
FN:221,(anonymous_15)
FNF:16
FNH:16
FNDA:11,(anonymous_0)
FNDA:11,(anonymous_1)
FNDA:17,(anonymous_2)
FNDA:10,(anonymous_3)
FNDA:12,(anonymous_4)
FNDA:6,(anonymous_5)
FNDA:2,(anonymous_6)
FNDA:1,(anonymous_7)
FNDA:1,(anonymous_8)
FNDA:1,(anonymous_9)
FNDA:3,(anonymous_10)
FNDA:6,(anonymous_11)
FNDA:9,(anonymous_12)
FNDA:9,(anonymous_13)
FNDA:18,(anonymous_14)
FNDA:26,(anonymous_15)
DA:14,1
DA:23,11
DA:26,11
DA:31,11
DA:33,2
DA:34,2
DA:36,1
DA:37,1
DA:39,1
DA:40,1
DA:42,1
DA:43,1
DA:45,6
DA:48,11
DA:60,11
DA:61,11
DA:62,11
DA:63,11
DA:67,0
DA:68,0
DA:69,0
DA:72,0
DA:73,0
DA:74,0
DA:77,0
DA:84,17
DA:107,10
DA:108,10
DA:115,12
DA:116,12
DA:118,12
DA:119,12
DA:120,12
DA:123,12
DA:124,11
DA:128,12
DA:132,6
DA:136,2
DA:140,1
DA:144,1
DA:149,1
DA:154,1
DA:155,1
DA:158,1
DA:168,3
DA:170,3
DA:171,4
DA:172,4
DA:173,4
DA:176,3
DA:186,6
DA:187,1
DA:190,5
DA:191,9
DA:192,9
DA:193,9
DA:195,9
DA:202,9
DA:204,5
DA:219,18
DA:221,26
LF:61
LH:54
BRDA:31,0,0,2
BRDA:31,0,1,1
BRDA:31,0,2,1
BRDA:31,0,3,1
BRDA:31,0,4,6
BRDA:60,1,0,11
BRDA:60,2,0,11
BRDA:60,2,1,1
BRDA:68,3,0,0
BRDA:73,4,0,0
BRDA:108,5,0,10
BRDA:108,5,1,0
BRDA:118,6,0,12
BRDA:154,7,0,1
BRDA:186,8,0,1
BRDA:198,9,0,9
BRDA:198,9,1,1
BRDA:221,10,0,18
BRDA:221,10,1,8
BRF:19
BRH:16
end_of_record
TN:
SF:src\utils\colorEditorUtils.ts
FN:108,escapeSvgForEmbedding
FN:117,escapeSvgForJson
FN:129,expandHexColor
FN:133,(anonymous_3)
FN:141,namedToHex
FN:149,normalizeColor
FN:172,extractColorsFromSvg
FN:176,(anonymous_7)
FN:232,replaceColorInSvg
FN:242,(anonymous_9)
FN:288,applyColorToAll
FN:302,applyColorMapping
FN:318,addFillToSvg
FN:331,extractRootFill
FN:339,removeRootFill
FN:346,addStrokeToSvg
FN:359,extractRootStroke
FN:367,createColorSwatchHtml
FN:379,generateStyleId
FN:386,createSavedStyle
FN:410,applySavedStyle
FN:417,invertColors
FN:434,invertHexColor
FN:450,hexToRgb
FN:466,rgbToHex
FN:467,(anonymous_25)
FN:474,lightenColor
FN:489,darkenColor
FN:504,getColorLuminance
FN:508,(anonymous_29)
FN:519,isLightColor
FN:526,getContrastingColor
FN:533,getContrastRatio
FN:544,meetsWcagAA
FN:551,meetsWcagAAA
FN:558,generateColorPalette
FN:575,countUniqueColors
FN:577,(anonymous_37)
FN:584,isSvgMonochrome
FN:591,getDominantColor
FN:595,(anonymous_40)
FNF:41
FNH:41
FNDA:3,escapeSvgForEmbedding
FNDA:3,escapeSvgForJson
FNDA:108,expandHexColor
FNDA:12,(anonymous_3)
FNDA:110,namedToHex
FNDA:110,normalizeColor
FNDA:19,extractColorsFromSvg
FNDA:31,(anonymous_7)
FNDA:11,replaceColorInSvg
FNDA:22,(anonymous_9)
FNDA:1,applyColorToAll
FNDA:2,applyColorMapping
FNDA:2,addFillToSvg
FNDA:3,extractRootFill
FNDA:1,removeRootFill
FNDA:1,addStrokeToSvg
FNDA:2,extractRootStroke
FNDA:3,createColorSwatchHtml
FNDA:5,generateStyleId
FNDA:2,createSavedStyle
FNDA:1,applySavedStyle
FNDA:1,invertColors
FNDA:6,invertHexColor
FNDA:55,hexToRgb
FNDA:29,rgbToHex
FNDA:87,(anonymous_25)
FNDA:14,lightenColor
FNDA:14,darkenColor
FNDA:22,getColorLuminance
FNDA:66,(anonymous_29)
FNDA:5,isLightColor
FNDA:2,getContrastingColor
FNDA:7,getContrastRatio
FNDA:3,meetsWcagAA
FNDA:2,meetsWcagAAA
FNDA:3,generateColorPalette
FNDA:6,countUniqueColors
FNDA:8,(anonymous_37)
FNDA:3,isSvgMonochrome
FNDA:2,getDominantColor
FNDA:1,(anonymous_40)
DA:39,1
DA:61,1
DA:76,1
DA:108,1
DA:109,3
DA:117,1
DA:118,3
DA:129,1
DA:130,108
DA:131,102
DA:132,102
DA:133,12
DA:135,98
DA:141,1
DA:142,110
DA:143,110
DA:149,1
DA:150,110
DA:153,109
DA:154,109
DA:155,4
DA:159,105
DA:160,105
DA:161,1
DA:165,104
DA:166,104
DA:172,1
DA:173,19
DA:176,19
DA:177,31
DA:178,31
DA:179,2
DA:182,29
DA:183,29
DA:184,29
DA:185,3
DA:187,26
DA:198,19
DA:199,19
DA:200,23
DA:204,19
DA:205,19
DA:206,6
DA:210,19
DA:211,19
DA:212,0
DA:216,19
DA:217,19
DA:218,1
DA:221,19
DA:222,19
DA:223,1
DA:226,19
DA:232,1
DA:238,11
DA:239,11
DA:242,22
DA:243,11
DA:244,11
DA:247,11
DA:248,10
DA:255,11
DA:256,6
DA:263,11
DA:264,5
DA:271,11
DA:272,5
DA:276,5
DA:282,11
DA:288,1
DA:289,1
DA:290,1
DA:292,1
DA:293,3
DA:296,1
DA:302,1
DA:306,2
DA:308,2
DA:309,3
DA:312,2
DA:318,1
DA:320,2
DA:321,1
DA:325,1
DA:331,1
DA:332,3
DA:333,3
DA:339,1
DA:340,1
DA:346,1
DA:348,1
DA:349,0
DA:353,1
DA:359,1
DA:360,2
DA:361,2
DA:367,1
DA:372,3
DA:373,3
DA:379,1
DA:380,5
DA:386,1
DA:391,2
DA:392,2
DA:394,2
DA:395,2
DA:398,2
DA:410,1
DA:411,1
DA:417,1
DA:418,1
DA:419,1
DA:421,1
DA:422,1
DA:423,1
DA:424,1
DA:428,1
DA:434,1
DA:435,6
DA:436,6
DA:437,1
DA:440,5
DA:441,5
DA:442,5
DA:444,5
DA:450,1
DA:451,55
DA:452,55
DA:453,3
DA:456,52
DA:466,1
DA:467,87
DA:468,29
DA:474,1
DA:475,14
DA:476,14
DA:478,13
DA:479,13
DA:489,1
DA:490,14
DA:491,14
DA:493,13
DA:494,13
DA:504,1
DA:505,22
DA:506,22
DA:508,22
DA:509,66
DA:510,66
DA:513,22
DA:519,1
DA:520,5
DA:526,1
DA:527,2
DA:533,1
DA:534,7
DA:535,7
DA:536,7
DA:537,7
DA:538,7
DA:544,1
DA:545,3
DA:551,1
DA:552,2
DA:558,1
DA:559,3
DA:575,1
DA:576,6
DA:577,8
DA:578,6
DA:584,1
DA:585,3
DA:591,1
DA:592,2
DA:593,2
DA:595,1
DA:596,1
LF:177
LH:175
BRDA:130,0,0,6
BRDA:132,1,0,4
BRDA:143,2,0,110
BRDA:143,2,1,106
BRDA:150,3,0,1
BRDA:154,4,0,4
BRDA:160,5,0,1
BRDA:178,6,0,2
BRDA:178,7,0,31
BRDA:178,7,1,31
BRDA:178,7,2,30
BRDA:184,8,0,3
BRDA:184,8,1,26
BRDA:247,9,0,10
BRDA:247,10,0,11
BRDA:247,10,1,6
BRDA:255,11,0,6
BRDA:255,12,0,11
BRDA:255,12,1,6
BRDA:263,13,0,5
BRDA:263,14,0,11
BRDA:263,14,1,6
BRDA:271,15,0,5
BRDA:271,16,0,11
BRDA:271,16,1,6
BRDA:320,17,0,1
BRDA:321,18,0,1
BRDA:321,18,1,0
BRDA:333,19,0,2
BRDA:333,19,1,1
BRDA:346,20,0,0
BRDA:348,21,0,0
BRDA:349,22,0,0
BRDA:349,22,1,0
BRDA:361,23,0,1
BRDA:361,23,1,1
BRDA:369,24,0,0
BRDA:370,25,0,1
BRDA:372,26,0,2
BRDA:372,26,1,1
BRDA:389,27,0,1
BRDA:395,28,0,2
BRDA:395,28,1,0
BRDA:423,29,0,1
BRDA:436,30,0,1
BRDA:436,31,0,6
BRDA:436,31,1,5
BRDA:452,32,0,3
BRDA:452,33,0,55
BRDA:452,33,1,52
BRDA:476,34,0,1
BRDA:491,35,0,1
BRDA:506,36,0,0
BRDA:510,37,0,23
BRDA:510,37,1,43
BRDA:527,38,0,1
BRDA:527,38,1,1
BRDA:593,39,0,1
BRF:58
BRH:50
end_of_record
TN:
SF:src\utils\config.ts
FN:9,getSvgConfig
FN:18,getFullSvgConfig
FN:28,updateSvgConfig
FNF:3
FNH:3
FNDA:228,getSvgConfig
FNDA:2,getFullSvgConfig
FNDA:2,updateSvgConfig
DA:1,8
DA:9,8
DA:10,228
DA:11,228
DA:18,8
DA:19,2
DA:28,8
DA:33,2
DA:34,2
LF:9
LH:9
BRDA:31,0,0,0
BRDA:34,1,0,1
BRDA:34,1,1,1
BRF:3
BRH:2
end_of_record
TN:
SF:src\utils\extensionHelpers.ts
FN:10,getOutputFormat
FN:25,generateIconSnippet
FN:48,toVariableName
FN:51,(anonymous_3)
FN:58,toIconName
FN:70,toCustomElementName
FN:87,findImportInsertPosition
FN:106,hasImport
FN:114,generateImportStatement
FN:121,generateIconEntry
FN:137,generateIconsFileContent
FN:152,generateVariantsFileContent
FN:168,generateAnimationsFileContent
FN:182,generateSvgSymbol
FN:189,generateSpriteFileContent
FN:199,generateScriptTag
FN:211,parseIconifySearchResults
FN:229,iconExistsInFile
FN:236,replaceIconInFile
FN:244,addIconToFile
FN:268,symbolExistsInSprite
FN:276,replaceSymbolInSprite
FN:284,addSymbolToSprite
FNF:23
FNH:23
FNDA:9,getOutputFormat
FNDA:5,generateIconSnippet
FNDA:7,toVariableName
FNDA:17,(anonymous_3)
FNDA:10,toIconName
FNDA:6,toCustomElementName
FNDA:4,findImportInsertPosition
FNDA:4,hasImport
FNDA:2,generateImportStatement
FNDA:1,generateIconEntry
FNDA:1,generateIconsFileContent
FNDA:1,generateVariantsFileContent
FNDA:1,generateAnimationsFileContent
FNDA:1,generateSvgSymbol
FNDA:1,generateSpriteFileContent
FNDA:1,generateScriptTag
FNDA:4,parseIconifySearchResults
FNDA:2,iconExistsInFile
FNDA:1,replaceIconInFile
FNDA:2,addIconToFile
FNDA:4,symbolExistsInSprite
FNDA:1,replaceSymbolInSprite
FNDA:1,addSymbolToSprite
DA:10,1
DA:11,9
DA:19,9
DA:25,1
DA:31,5
DA:33,1
DA:35,1
DA:37,1
DA:39,1
DA:41,1
DA:48,1
DA:49,7
DA:51,17
DA:58,1
DA:59,10
DA:70,1
DA:71,6
DA:76,6
DA:77,2
DA:80,6
DA:87,1
DA:88,4
DA:89,4
DA:91,4
DA:92,11
DA:93,11
DA:94,3
DA:95,8
DA:96,3
DA:100,4
DA:106,1
DA:107,4
DA:108,4
DA:114,1
DA:115,2
DA:121,1
DA:127,1
DA:137,1
DA:138,1
DA:152,1
DA:153,1
DA:168,1
DA:169,1
DA:182,1
DA:183,1
DA:189,1
DA:190,1
DA:199,1
DA:200,1
DA:211,1
DA:212,4
DA:214,4
DA:215,3
DA:216,7
DA:217,7
DA:218,4
DA:223,4
DA:229,1
DA:230,2
DA:236,1
DA:237,1
DA:238,1
DA:244,1
DA:246,2
DA:247,2
DA:248,1
DA:251,1
DA:252,1
DA:253,1
DA:254,1
DA:255,1
DA:259,1
DA:262,2
DA:268,1
DA:269,4
DA:270,4
DA:276,1
DA:277,1
DA:278,1
DA:284,1
DA:285,1
LF:81
LH:81
BRDA:19,0,0,9
BRDA:19,0,1,3
BRDA:31,1,0,1
BRDA:31,1,1,1
BRDA:31,1,2,1
BRDA:31,1,3,1
BRDA:31,1,4,1
BRDA:51,2,0,7
BRDA:51,2,1,10
BRDA:76,3,0,2
BRDA:93,4,0,3
BRDA:93,4,1,8
BRDA:95,5,0,3
BRDA:95,6,0,8
BRDA:95,6,1,5
BRDA:95,6,2,4
BRDA:95,6,3,3
BRDA:214,7,0,3
BRDA:214,8,0,4
BRDA:214,8,1,3
BRDA:217,9,0,4
BRDA:217,10,0,7
BRDA:217,10,1,6
BRDA:247,11,0,1
BRDA:247,11,1,1
BRDA:247,12,0,2
BRDA:247,12,1,1
BRDA:252,13,0,1
BRDA:254,14,0,1
BRDA:254,14,1,0
BRF:30
BRH:29
end_of_record
TN:
SF:src\utils\iconFileUtils.ts
FN:8,generateIconEntry
FN:19,createIconExportPattern
FN:26,iconExportExists
FN:33,replaceIconExport
FN:41,findIconsObjectPosition
FN:49,extractIconsObjectContent
FN:57,addIconToIconsObject
FN:70,insertIconBeforeObject
FN:77,generateNewIconsFileContent
FN:92,updateIconsFileContent
FN:116,generateWebComponentHeader
FN:128,componentNameToTagName
FN:145,generateVariantsFile
FN:158,generateAnimationsFile
FN:169,parseIconNames
FN:182,parseIconVariables
FN:195,isValidIconsFile
FN:203,countIconsInFile
FN:210,removeIconFromFile
FN:244,generateColorPresetButtons
FN:245,(anonymous_20)
FNF:21
FNH:21
FNDA:4,generateIconEntry
FNDA:8,createIconExportPattern
FNDA:6,iconExportExists
FNDA:2,replaceIconExport
FNDA:5,findIconsObjectPosition
FNDA:8,extractIconsObjectContent
FNDA:4,addIconToIconsObject
FNDA:3,insertIconBeforeObject
FNDA:1,generateNewIconsFileContent
FNDA:3,updateIconsFileContent
FNDA:1,generateWebComponentHeader
FNDA:7,componentNameToTagName
FNDA:2,generateVariantsFile
FNDA:2,generateAnimationsFile
FNDA:3,parseIconNames
FNDA:4,parseIconVariables
FNDA:4,isValidIconsFile
FNDA:2,countIconsInFile
FNDA:3,removeIconFromFile
FNDA:3,generateColorPresetButtons
[...]
DA:518,1
DA:519,1
DA:525,1
DA:526,1
DA:532,1
DA:533,2
DA:534,2
DA:537,2
DA:538,1
DA:541,2
DA:549,1
DA:550,2
DA:551,2
DA:557,1
DA:558,2
DA:559,2
DA:565,1
DA:566,2
DA:567,2
DA:569,2
DA:570,3
DA:572,2
DA:578,1
DA:579,2
DA:580,2
DA:582,2
DA:583,3
DA:585,2
LF:170
LH:141
BRDA:45,0,0,30
BRDA:45,0,1,10
BRDA:67,1,0,1
BRDA:82,2,0,1
BRDA:122,3,0,6
BRDA:122,3,1,2
BRDA:136,4,0,3
BRDA:142,5,0,3
BRDA:144,6,0,2
BRDA:144,6,1,1
BRDA:166,7,0,0
BRDA:170,8,0,1
BRDA:183,9,0,1
BRDA:207,10,0,0
BRDA:246,11,0,2
BRDA:250,12,0,1
BRDA:263,13,0,1
BRDA:312,14,0,0
BRDA:321,15,0,0
BRDA:340,16,0,0
BRDA:356,17,0,0
BRDA:361,18,0,0
BRDA:361,18,1,0
BRDA:377,19,0,0
BRDA:382,20,0,0
BRDA:382,20,1,0
BRDA:423,21,0,1
BRDA:423,21,1,1
BRDA:453,22,0,1
BRDA:459,23,0,3
BRDA:459,23,1,0
BRDA:480,24,0,0
BRDA:483,25,0,2
BRDA:483,25,1,0
BRDA:537,26,0,1
BRDA:537,27,0,2
BRDA:537,27,1,1
BRDA:551,28,0,2
BRDA:551,28,1,1
BRDA:559,29,0,2
BRDA:559,29,1,1
BRF:41
BRH:27
end_of_record
TN:
SF:src\utils\snippetGenerator.ts
FN:38,getOutputFormatFromLanguageId
FN:56,generateIconSnippet
FN:105,generateImportStatement
FN:129,generateSizedIconSnippet
FN:159,generateColoredIconSnippet
FN:186,generateAnimatedIconSnippet
FN:215,generateSpriteUseSnippet
FN:231,generateInlineSvgSnippet
FN:260,generateReactComponentSnippet
FN:284,generateVueComponentSnippet
FN:311,generateSvelteComponentSnippet
FN:336,toKebabCase
FN:346,toPascalCase
FN:349,(anonymous_13)
FN:356,generateUsageExample
FN:378,generateIconSetImport
FN:382,(anonymous_16)
FN:389,needsClosingTag
FN:396,getFileExtensionForFormat
FN:412,generateIconFileContent
FN:433,parseIconNameFromUsage
FN:448,extractComponentNameFromCode
FN:456,generateIconTypeDefinition
FN:457,(anonymous_23)
FN:460,(anonymous_24)
FN:466,generateIconManifest
FN:471,(anonymous_26)
FNF:27
FNH:27
FNDA:9,getOutputFormatFromLanguageId
FNDA:12,generateIconSnippet
FNDA:4,generateImportStatement
FNDA:6,generateSizedIconSnippet
FNDA:4,generateColoredIconSnippet
FNDA:7,generateAnimatedIconSnippet
FNDA:4,generateSpriteUseSnippet
FNDA:4,generateInlineSvgSnippet
FNDA:4,generateReactComponentSnippet
FNDA:3,generateVueComponentSnippet
FNDA:3,generateSvelteComponentSnippet
FNDA:8,toKebabCase
FNDA:16,toPascalCase
FNDA:21,(anonymous_13)
FNDA:2,generateUsageExample
FNDA:3,generateIconSetImport
FNDA:5,(anonymous_16)
FNDA:6,needsClosingTag
FNDA:6,getFileExtensionForFormat
FNDA:4,generateIconFileContent
FNDA:4,parseIconNameFromUsage
FNDA:4,extractComponentNameFromCode
FNDA:3,generateIconTypeDefinition
FNDA:5,(anonymous_23)
FNDA:5,(anonymous_24)
FNDA:3,generateIconManifest
FNDA:2,(anonymous_26)
DA:26,1
DA:38,1
DA:39,9
DA:50,9
DA:56,1
DA:60,12
DA:61,12
DA:64,12
DA:66,12
DA:67,1
DA:70,12
DA:71,1
DA:74,12
DA:76,12
DA:78,7
DA:81,1
DA:84,1
DA:87,0
DA:90,1
DA:93,1
DA:94,1
DA:98,1
DA:105,1
DA:110,4
DA:112,1
DA:115,1
DA:118,1
DA:122,1
DA:129,1
DA:134,6
DA:135,6
DA:137,6
DA:139,6
DA:141,4
DA:144,1
DA:145,1
DA:148,0
DA:152,1
DA:159,1
DA:164,4
DA:165,4
DA:167,4
DA:169,3
DA:172,0
DA:175,0
DA:179,1
DA:186,1
DA:191,7
DA:192,7
DA:194,7
DA:196,7
DA:198,6
DA:201,1
DA:204,0
DA:208,0
DA:215,1
DA:220,4
DA:221,4
DA:223,4
DA:231,1
DA:235,4
DA:237,4
DA:240,4
DA:241,1
DA:245,4
DA:246,1
DA:250,4
DA:251,1
DA:254,4
DA:260,1
DA:265,4
DA:267,4
DA:284,1
DA:289,3
DA:311,1
DA:316,3
DA:336,1
DA:337,8
DA:346,1
DA:347,16
DA:349,21
DA:356,1
DA:361,2
DA:362,2
DA:363,2
DA:365,2
DA:378,1
DA:382,5
DA:383,3
DA:389,1
DA:390,6
DA:396,1
DA:397,6
DA:406,6
DA:412,1
DA:418,4
DA:420,1
DA:422,1
DA:424,1
DA:426,1
DA:433,1
DA:435,4
DA:436,4
DA:439,2
DA:440,2
DA:442,1
DA:448,1
DA:449,4
DA:450,4
DA:456,1
DA:457,5
DA:458,3
DA:460,5
DA:466,1
DA:469,3
DA:471,2
LF:116
LH:110
BRDA:50,0,0,9
BRDA:50,0,1,1
BRDA:58,1,0,1
BRDA:66,2,0,1
BRDA:66,3,0,12
BRDA:66,3,1,1
BRDA:70,4,0,1
BRDA:70,5,0,12
BRDA:70,5,1,1
BRDA:76,6,0,7
BRDA:76,6,1,1
BRDA:76,6,2,1
BRDA:76,6,3,0
BRDA:76,6,4,1
BRDA:76,6,5,1
BRDA:76,6,6,1
BRDA:76,6,7,1
BRDA:108,7,0,1
BRDA:110,8,0,1
BRDA:110,8,1,1
BRDA:110,8,2,1
BRDA:110,8,3,1
BRDA:110,8,4,1
BRDA:132,9,0,2
BRDA:137,10,0,5
BRDA:137,10,1,1
BRDA:139,11,0,4
BRDA:139,11,1,1
BRDA:139,11,2,0
BRDA:139,11,3,1
BRDA:139,11,4,1
BRDA:144,12,0,1
BRDA:144,12,1,0
BRDA:162,13,0,1
BRDA:167,14,0,3
BRDA:167,14,1,0
BRDA:167,14,2,0
BRDA:167,14,3,1
BRDA:167,14,4,1
BRDA:189,15,0,6
BRDA:196,16,0,6
BRDA:196,16,1,1
BRDA:196,16,2,0
BRDA:196,16,3,0
BRDA:196,16,4,0
BRDA:217,17,0,1
BRDA:218,18,0,2
BRDA:220,19,0,3
BRDA:221,20,0,1
BRDA:221,20,1,3
BRDA:233,21,0,1
BRDA:240,22,0,1
BRDA:245,23,0,1
BRDA:250,24,0,1
BRDA:263,25,0,1
BRDA:287,26,0,1
BRDA:314,27,0,1
BRDA:358,28,0,1
BRDA:359,29,0,2
BRDA:406,30,0,6
BRDA:406,30,1,0
BRDA:416,31,0,4
BRDA:418,32,0,1
BRDA:418,32,1,1
BRDA:418,32,2,1
BRDA:418,32,3,1
BRDA:436,33,0,2
BRDA:440,34,0,1
BRDA:450,35,0,2
BRDA:450,35,1,2
BRDA:473,36,0,2
BRDA:473,36,1,1
BRDA:474,37,0,2
BRDA:474,37,1,1
BRF:74
BRH:65
end_of_record
TN:
SF:src\utils\spriteUtils.ts
FN:8,createSymbolEntry
FN:15,createNewSpriteContent
FN:25,createSymbolPattern
FN:32,escapeRegExp
FN:39,symbolExistsInSprite
FN:47,replaceSymbolInSprite
FN:55,addSymbolToSprite
FN:62,updateSpriteContent
FN:72,extractSymbolIds
FN:85,removeSymbolFromSprite
FN:94,isValidSpriteContent
FN:101,getSymbolCount
FN:108,createUseReference
FN:116,createInlineUseReference
FN:135,getAnimationStyles
FN:142,buildAnimationStyle
FNF:16
FNH:16
FNDA:6,createSymbolEntry
FNDA:2,createNewSpriteContent
FNDA:15,createSymbolPattern
FNDA:24,escapeRegExp
FNDA:6,symbolExistsInSprite
FNDA:3,replaceSymbolInSprite
FNDA:3,addSymbolToSprite
FNDA:2,updateSpriteContent
FNDA:6,extractSymbolIds
FNDA:2,removeSymbolFromSprite
FNDA:5,isValidSpriteContent
FNDA:2,getSymbolCount
FNDA:4,createUseReference
FNDA:3,createInlineUseReference
FNDA:1,getAnimationStyles
FNDA:7,buildAnimationStyle
DA:8,1
DA:9,6
DA:15,1
DA:16,2
DA:25,1
DA:26,15
DA:32,1
DA:33,24
DA:39,1
DA:40,6
DA:41,6
DA:47,1
DA:48,3
DA:49,3
DA:55,1
DA:56,3
DA:62,1
DA:63,2
DA:64,1
DA:66,1
DA:72,1
DA:73,6
DA:74,6
DA:76,6
DA:77,7
DA:79,6
DA:85,1
DA:86,2
DA:88,2
DA:94,1
DA:95,5
DA:101,1
DA:102,2
DA:108,1
DA:109,4
DA:110,4
DA:116,1
DA:117,3
DA:118,3
DA:124,1
DA:135,1
DA:136,1
DA:142,1
DA:148,7
DA:149,2
DA:151,5
LF:46
LH:46
BRDA:8,0,0,5
BRDA:63,1,0,1
BRDA:95,2,0,5
BRDA:95,2,1,3
BRDA:108,3,0,2
BRDA:109,4,0,1
BRDA:109,4,1,3
BRDA:116,5,0,1
BRDA:117,6,0,1
BRDA:117,6,1,2
BRDA:144,7,0,6
BRDA:145,8,0,6
BRDA:146,9,0,6
BRDA:148,10,0,2
BRDA:148,11,0,7
BRDA:148,11,1,6
BRF:16
BRH:16
end_of_record
TN:
SF:src\utils\svgColorUtils.ts
FN:56,normalizeColor
FN:110,rgbToHex
FN:111,(anonymous_2)
FN:112,(anonymous_3)
FN:119,hexToRgb
FN:136,hslToHex
FN:163,extractColorsFromSvg
FN:220,(anonymous_7)
FN:232,replaceColorInSvg
FN:275,replaceAllColorsInSvg
FN:289,applyColorReplacements
FN:302,isSvgMonochrome
FN:310,getPrimaryColor
FN:314,(anonymous_13)
FN:321,addFillToSvg
FN:336,removeColorsFromSvg
FN:340,(anonymous_16)
FN:346,(anonymous_17)
FN:357,getContrastRatio
FN:375,getLuminance
FN:376,(anonymous_20)
FN:387,isLightColor
FN:398,getComplementaryColor
FN:408,lightenColor
FN:423,darkenColor
FN:438,generateColorVariations
FN:463,escapeRegex
FN:470,formatColorInfo
FN:484,sortColorsByUsage
FN:485,(anonymous_29)
FN:491,getUniqueColors
FN:493,(anonymous_31)
FNF:32
FNH:31
FNDA:74,normalizeColor
FNDA:25,rgbToHex
FNDA:75,(anonymous_2)
FNDA:75,(anonymous_3)
FNDA:25,hexToRgb
FNDA:6,hslToHex
FNDA:15,extractColorsFromSvg
FNDA:17,(anonymous_7)
FNDA:8,replaceColorInSvg
FNDA:1,replaceAllColorsInSvg
FNDA:1,applyColorReplacements
FNDA:3,isSvgMonochrome
FNDA:2,getPrimaryColor
FNDA:1,(anonymous_13)
FNDA:2,addFillToSvg
FNDA:2,removeColorsFromSvg
FNDA:2,(anonymous_16)
FNDA:0,(anonymous_17)
FNDA:2,getContrastRatio
FNDA:6,getLuminance
FNDA:18,(anonymous_20)
FNDA:3,isLightColor
FNDA:4,getComplementaryColor
FNDA:4,lightenColor
FNDA:4,darkenColor
FNDA:1,generateColorVariations
FNDA:96,escapeRegex
FNDA:3,formatColorInfo
FNDA:2,sortColorsByUsage
FNDA:4,(anonymous_29)
FNDA:1,getUniqueColors
FNDA:2,(anonymous_31)
DA:28,1
DA:56,1
DA:57,74
DA:59,70
DA:62,70
DA:63,4
DA:67,66
DA:68,3
DA:72,63
DA:74,51
DA:75,4
DA:76,4
DA:77,4
DA:78,4
DA:80,47
DA:81,47
DA:83,0
DA:87,12
DA:88,12
DA:89,4
DA:90,4
DA:91,4
DA:92,4
DA:96,8
DA:97,8
DA:98,2
DA:99,2
DA:100,2
DA:101,2
DA:104,6
DA:110,1
DA:111,75
DA:112,75
DA:113,25
DA:119,1
DA:120,25
DA:121,25
DA:123,18
DA:124,18
DA:126,18
DA:136,1
DA:137,6
DA:138,6
DA:140,6
DA:141,6
DA:142,6
DA:144,6
DA:146,6
DA:147,3
DA:148,3
DA:149,1
DA:150,1
DA:151,0
DA:153,6
DA:163,1
DA:164,15
DA:167,15
DA:168,15
DA:171,15
DA:176,15
DA:177,16
DA:178,16
DA:179,15
DA:180,15
DA:181,15
DA:186,15
DA:187,3
DA:188,3
DA:189,3
DA:190,3
DA:191,3
DA:196,15
DA:197,1
DA:199,1
DA:200,1
DA:201,1
DA:202,1
DA:203,1
DA:204,1
DA:205,1
DA:209,1
DA:210,1
DA:211,1
DA:212,1
DA:213,1
DA:214,1
DA:215,1
DA:220,17
DA:232,1
DA:233,8
DA:234,8
DA:236,8
DA:239,8
DA:245,8
DA:246,8
DA:247,8
DA:248,8
DA:252,8
DA:254,24
DA:255,24
DA:258,24
DA:259,24
DA:262,24
DA:263,24
DA:265,24
DA:266,24
DA:269,8
DA:275,1
DA:276,1
DA:277,1
DA:279,1
DA:280,2
DA:283,1
DA:289,1
DA:290,1
DA:292,1
DA:293,2
DA:296,1
DA:302,1
DA:303,3
DA:304,3
DA:310,1
DA:311,2
DA:312,2
DA:314,1
DA:315,1
DA:321,1
DA:322,2
DA:325,2
DA:326,1
DA:330,1
DA:336,1
DA:337,2
DA:340,2
DA:341,2
DA:342,1
DA:346,2
DA:347,0
DA:348,0
DA:351,2
DA:357,1
DA:358,2
DA:359,2
DA:361,2
DA:363,1
DA:364,1
DA:366,1
DA:367,1
DA:369,1
DA:375,1
DA:376,6
DA:377,18
DA:378,18
DA:381,6
DA:387,1
DA:388,3
DA:389,3
DA:391,2
DA:392,2
DA:398,1
DA:399,4
DA:400,4
DA:402,3
DA:408,1
DA:409,4
DA:410,4
DA:412,3
DA:413,3
DA:423,1
DA:424,4
DA:425,4
DA:427,3
DA:428,3
DA:438,1
DA:439,1
DA:442,1
DA:443,1
DA:444,1
DA:445,1
DA:448,1
DA:449,1
DA:450,1
DA:451,1
DA:454,1
DA:455,1
DA:457,1
DA:464,96
DA:470,1
DA:471,3
DA:472,3
DA:473,2
DA:475,3
DA:476,1
DA:478,3
DA:484,1
DA:485,4
DA:491,1
DA:492,1
DA:493,2
LF:199
LH:195
BRDA:57,0,0,4
BRDA:62,1,0,4
BRDA:62,2,0,70
BRDA:62,2,1,68
BRDA:62,2,2,67
BRDA:67,3,0,3
BRDA:68,4,0,0
BRDA:68,4,1,3
BRDA:72,5,0,51
BRDA:74,6,0,4
BRDA:80,7,0,47
BRDA:88,8,0,4
BRDA:97,9,0,2
BRDA:121,10,0,7
BRDA:124,11,0,0
BRDA:146,12,0,3
BRDA:146,12,1,3
BRDA:146,13,0,6
BRDA:146,13,1,6
BRDA:147,14,0,0
BRDA:147,14,1,3
BRDA:147,15,0,3
BRDA:147,15,1,3
BRDA:148,16,0,2
BRDA:148,16,1,1
BRDA:148,17,0,3
BRDA:148,17,1,3
BRDA:149,18,0,0
BRDA:149,18,1,1
BRDA:149,19,0,1
BRDA:149,19,1,1
BRDA:150,20,0,1
BRDA:150,20,1,0
BRDA:150,21,0,1
BRDA:150,21,1,1
BRDA:151,22,0,0
BRDA:151,23,0,0
BRDA:151,23,1,0
BRDA:178,24,0,15
BRDA:179,25,0,15
BRDA:179,25,1,13
BRDA:188,26,0,3
BRDA:189,27,0,3
BRDA:189,27,1,2
BRDA:200,28,0,1
BRDA:202,29,0,1
BRDA:203,30,0,1
BRDA:203,30,1,1
BRDA:210,31,0,1
BRDA:212,32,0,1
BRDA:213,33,0,1
BRDA:213,33,1,1
BRDA:234,34,0,0
BRDA:245,35,0,8
BRDA:247,36,0,8
BRDA:312,37,0,1
BRDA:325,38,0,1
BRDA:341,39,0,1
BRDA:347,40,0,0
BRDA:361,41,0,1
BRDA:361,42,0,2
BRDA:361,42,1,1
BRDA:378,43,0,9
BRDA:378,43,1,9
BRDA:389,44,0,1
BRDA:400,45,0,1
BRDA:410,46,0,1
BRDA:425,47,0,1
BRDA:444,48,0,1
BRDA:445,49,0,1
BRDA:450,50,0,1
BRDA:451,51,0,1
BRDA:455,52,0,1
BRDA:472,53,0,2
BRDA:473,54,0,1
BRDA:473,54,1,1
BRDA:475,55,0,1
BRDA:476,56,0,0
BRDA:476,56,1,1
BRDA:478,57,0,3
BRDA:478,57,1,1
BRF:81
BRH:70
end_of_record
TN:
SF:src\utils\svgValidation.ts
FN:66,isValidSvg
FN:76,hasNamespace
FN:83,hasViewBox
FN:90,extractViewBox
FN:98,extractWidth
FN:106,extractHeight
FN:114,hasDimensions
FN:121,hasGradient
FN:128,hasStyleElement
FN:135,hasClassAttributes
FN:142,extractId
FN:150,extractTitle
FN:158,extractDescription
FN:166,countPaths
FN:174,countShapes
FN:184,extractColors
FN:189,(anonymous_16)
FN:193,(anonymous_17)
FN:197,(anonymous_18)
FN:201,(anonymous_19)
FN:209,isMonochrome
FN:210,(anonymous_21)
FN:219,extractFillColors
FN:233,extractStrokeColors
FN:247,validateSvg
FN:279,calculateComplexity
FN:301,categorizeIcon
FN:312,normalizeHexColor
FN:317,(anonymous_28)
FN:325,namedColorToHex
FN:348,isValidColor
FN:377,estimateSize
FN:384,formatBytes
FNF:33
FNH:31
FNDA:7,isValidSvg
FNDA:7,hasNamespace
FNDA:7,hasViewBox
FNDA:4,extractViewBox
FNDA:3,extractWidth
FNDA:2,extractHeight
FNDA:6,hasDimensions
FNDA:7,hasGradient
FNDA:6,hasStyleElement
FNDA:2,hasClassAttributes
FNDA:2,extractId
FNDA:2,extractTitle
FNDA:2,extractDescription
FNDA:2,countPaths
FNDA:6,countShapes
FNDA:11,extractColors
FNDA:20,(anonymous_16)
FNDA:0,(anonymous_17)
FNDA:0,(anonymous_18)
FNDA:3,(anonymous_19)
FNDA:4,isMonochrome
FNDA:5,(anonymous_21)
FNDA:2,extractFillColors
FNDA:2,extractStrokeColors
FNDA:6,validateSvg
FNDA:4,calculateComplexity
FNDA:2,categorizeIcon
FNDA:4,normalizeHexColor
FNDA:6,(anonymous_28)
FNDA:10,namedColorToHex
FNDA:13,isValidColor
FNDA:3,estimateSize
FNDA:6,formatBytes
DA:8,1
DA:50,1
DA:66,1
DA:67,7
DA:68,3
DA:70,4
DA:76,1
DA:77,7
DA:83,1
DA:84,7
DA:90,1
DA:91,4
DA:92,4
DA:98,1
DA:99,3
DA:100,3
DA:106,1
DA:107,2
DA:108,2
DA:114,1
DA:115,6
DA:121,1
DA:122,7
DA:128,1
DA:129,6
DA:135,1
DA:136,2
DA:142,1
DA:143,2
DA:144,2
DA:150,1
DA:151,2
DA:152,2
DA:158,1
DA:159,2
DA:160,2
DA:166,1
DA:167,2
DA:168,2
DA:174,1
DA:175,6
DA:176,6
DA:177,6
DA:178,6
DA:184,1
DA:185,11
DA:188,11
DA:189,20
DA:192,11
DA:193,11
DA:196,11
DA:197,11
DA:200,11
DA:201,11
DA:203,11
DA:209,1
DA:210,4
DA:211,5
DA:213,4
DA:219,1
DA:220,2
DA:221,2
DA:222,2
DA:223,3
DA:224,2
DA:227,2
DA:233,1
DA:234,2
DA:235,2
DA:236,2
DA:237,2
DA:238,1
DA:241,2
DA:247,1
DA:248,6
DA:250,6
DA:251,1
DA:254,5
DA:255,1
DA:258,5
DA:259,1
DA:262,5
DA:263,3
DA:266,5
DA:267,3
DA:270,5
DA:279,1
DA:280,4
DA:283,4
DA:286,4
DA:289,4
DA:292,4
DA:293,4
DA:295,4
DA:301,1
DA:302,2
DA:304,2
DA:305,1
DA:306,1
DA:312,1
DA:313,4
DA:315,3
DA:316,3
DA:317,6
DA:319,1
DA:325,1
DA:326,10
DA:342,10
DA:348,1
DA:349,13
DA:352,12
DA:353,4
DA:357,8
DA:358,2
DA:362,6
DA:363,2
DA:367,4
DA:368,2
DA:371,2
DA:377,1
DA:378,3
DA:384,1
DA:385,6
DA:387,5
DA:388,5
DA:389,5
DA:391,5
LF:127
LH:127
BRDA:67,0,0,3
BRDA:67,1,0,7
BRDA:67,1,1,4
BRDA:70,2,0,4
BRDA:70,2,1,2
BRDA:92,3,0,3
BRDA:92,3,1,1
BRDA:100,4,0,2
BRDA:100,4,1,1
BRDA:108,5,0,1
BRDA:108,5,1,1
BRDA:115,6,0,6
BRDA:115,6,1,2
BRDA:144,7,0,1
BRDA:144,7,1,1
BRDA:152,8,0,1
BRDA:152,8,1,1
BRDA:160,9,0,1
BRDA:160,9,1,1
BRDA:168,10,0,1
BRDA:168,10,1,1
BRDA:175,11,0,6
BRDA:175,11,1,1
BRDA:176,12,0,6
BRDA:176,12,1,3
BRDA:177,13,0,6
BRDA:177,13,1,3
BRDA:188,14,0,11
BRDA:188,14,1,4
BRDA:192,15,0,11
BRDA:192,15,1,11
BRDA:196,16,0,11
BRDA:196,16,1,11
BRDA:200,17,0,11
BRDA:200,17,1,9
BRDA:211,18,0,5
BRDA:211,18,1,4
BRDA:211,18,2,4
BRDA:223,19,0,2
BRDA:223,20,0,3
BRDA:223,20,1,3
BRDA:237,21,0,1
BRDA:237,22,0,2
BRDA:237,22,1,2
BRDA:250,23,0,1
BRDA:250,24,0,6
BRDA:250,24,1,5
BRDA:254,25,0,1
BRDA:258,26,0,1
BRDA:262,27,0,3
BRDA:262,28,0,5
BRDA:262,28,1,3
BRDA:266,29,0,3
BRDA:286,30,0,2
BRDA:289,31,0,2
BRDA:304,32,0,1
BRDA:305,33,0,0
BRDA:313,34,0,1
BRDA:316,35,0,2
BRDA:342,36,0,10
BRDA:342,36,1,3
BRDA:349,37,0,1
BRDA:352,38,0,4
BRDA:357,39,0,2
BRDA:362,40,0,2
BRDA:367,41,0,2
BRDA:385,42,0,1
BRF:67
BRH:66
end_of_record
TN:
SF:src\utils\webviewHtmlGenerators.ts
FN:61,escapeSvgForTemplate
FN:68,escapeForJson
FN:75,escapeHtml
FN:87,escapeFilePath
FN:98,getBaseWebviewStyles
FN:112,getButtonStyles
FN:147,getCheckerboardBackground
FN:166,generateIconCardHtml
FN:187,getIconPickerStyles
FN:315,getIconPickerScript
FN:368,generateColorPresetsHtml
FN:369,(anonymous_20)
FN:380,generateIconPickerHtml
FN:381,(anonymous_22)
FN:424,getColorEditorStyles
FN:731,getColorEditorScript
FN:955,generateQuickColorsHtml
FN:956,(anonymous_26)
FN:964,generateColorEditorHtml
FN:1047,getIconDetailsStyles
FN:1171,getIconDetailsScript
FN:1205,generateIconDetailsHtml
FN:1280,wrapInHtmlDocument
FN:1299,parseSvgViewBox
FN:1313,extractSvgTitle
FNF:25
FNH:25
FNDA:22,escapeSvgForTemplate
FNDA:11,escapeForJson
FNDA:230,escapeHtml
FNDA:7,escapeFilePath
FNDA:43,getBaseWebviewStyles
FNDA:32,getButtonStyles
FNDA:30,getCheckerboardBackground
FNDA:18,generateIconCardHtml
FNDA:12,getIconPickerStyles
FNDA:11,getIconPickerScript
FNDA:10,generateColorPresetsHtml
FNDA:73,(anonymous_20)
FNDA:7,generateIconPickerHtml
FNDA:12,(anonymous_22)
FNDA:13,getColorEditorStyles
FNDA:14,getColorEditorScript
FNDA:11,generateQuickColorsHtml
FNDA:121,(anonymous_26)
FNDA:8,generateColorEditorHtml
FNDA:15,getIconDetailsStyles
FNDA:14,getIconDetailsScript
FNDA:10,generateIconDetailsHtml
FNDA:4,wrapInHtmlDocument
FNDA:6,parseSvgViewBox
FNDA:3,extractSvgTitle
DA:7,1
DA:38,1
DA:49,1
DA:61,1
DA:62,22
DA:68,1
DA:69,11
DA:75,1
DA:76,230
DA:87,1
DA:88,7
DA:98,1
DA:99,43
DA:112,1
DA:113,32
DA:147,1
DA:148,30
DA:166,1
DA:167,18
DA:168,18
DA:187,1
DA:188,12
DA:315,1
DA:316,11
DA:368,1
DA:369,73
DA:380,1
DA:381,12
DA:382,7
DA:384,7
DA:424,1
DA:425,13
DA:731,1
DA:732,14
DA:955,1
DA:956,11
DA:957,121
DA:964,1
DA:971,8
DA:972,8
DA:973,8
DA:974,8
DA:975,8
DA:977,8
DA:1047,1
DA:1048,15
DA:1171,1
DA:1172,14
DA:1205,1
DA:1211,10
DA:1212,10
DA:1214,10
DA:1280,1
DA:1281,4
DA:1299,1
DA:1300,6
DA:1301,6
DA:1302,5
DA:1303,5
DA:1304,4
DA:1307,2
DA:1313,1
DA:1314,3
DA:1315,3
LF:64
LH:64
BRDA:166,0,0,17
BRDA:368,1,0,8
BRDA:368,2,0,9
BRDA:370,3,0,9
BRDA:370,3,1,64
BRDA:736,4,0,4
BRDA:736,4,1,10
BRDA:737,5,0,4
BRDA:737,5,1,10
BRDA:955,6,0,10
BRDA:972,7,0,8
BRDA:972,7,1,2
BRDA:973,8,0,2
BRDA:973,8,1,6
BRDA:974,9,0,8
BRDA:974,9,1,8
BRDA:988,10,0,2
BRDA:988,10,1,6
BRDA:997,11,0,2
BRDA:997,11,1,6
BRDA:998,12,0,2
BRDA:998,12,1,6
BRDA:1034,13,0,8
BRDA:1034,13,1,6
BRDA:1034,14,0,2
BRDA:1034,14,1,6
BRDA:1176,15,0,2
BRDA:1176,15,1,12
BRDA:1212,16,0,1
BRDA:1212,16,1,9
BRDA:1225,17,0,1
BRDA:1225,17,1,9
BRDA:1238,18,0,1
BRDA:1238,18,1,9
BRDA:1247,19,0,1
BRDA:1247,19,1,9
BRDA:1257,20,0,1
BRDA:1257,20,1,9
BRDA:1267,21,0,10
BRDA:1267,21,1,9
BRDA:1291,22,0,1
BRDA:1291,22,1,3
BRDA:1301,23,0,5
BRDA:1303,24,0,4
BRDA:1315,25,0,1
BRDA:1315,25,1,2
BRF:46
BRH:46
end_of_record
TN:
SF:src\utils\webviewUtils.ts
FN:59,escapeHtml
FN:72,escapeTemplateString
FN:83,escapeJsonForHtml
FN:90,generateNonce
FN:102,createButton
FN:115,createColorPresetButton
FN:128,generateColorPresetsGrid
FN:133,(anonymous_7)
FN:140,createIconCard
FN:165,getCheckerboardCss
FN:180,buildAnimationStyleInline
FN:195,createSvgWrapper
FN:209,getBaseWebviewStyles
FN:261,wrapInHtmlDocument
FN:285,getVscodeApiScript
FN:292,formatFileSize
FN:303,truncateText
FN:311,generateWebviewId
FN:318,parseColorToHex
FN:334,(anonymous_19)
FN:343,createProgressBar
FN:361,createBadge
FN:377,createTooltip
FNF:23
FNH:23
FNDA:73,escapeHtml
FNDA:4,escapeTemplateString
FNDA:3,escapeJsonForHtml
FNDA:102,generateNonce
FNDA:4,createButton
FNDA:29,createColorPresetButton
FNDA:3,generateColorPresetsGrid
FNDA:25,(anonymous_7)
FNDA:3,createIconCard
FNDA:2,getCheckerboardCss
FNDA:4,buildAnimationStyleInline
FNDA:4,createSvgWrapper
FNDA:3,getBaseWebviewStyles
FNDA:3,wrapInHtmlDocument
FNDA:1,getVscodeApiScript
FNDA:6,formatFileSize
FNDA:5,truncateText
FNDA:102,generateWebviewId
FNDA:9,parseColorToHex
FNDA:6,(anonymous_19)
FNDA:6,createProgressBar
FNDA:5,createBadge
FNDA:2,createTooltip
DA:9,1
DA:27,1
DA:38,1
DA:59,1
DA:60,73
DA:61,70
DA:72,1
DA:73,4
DA:74,3
DA:83,1
DA:84,3
DA:90,1
DA:91,102
DA:92,102
DA:93,102
DA:94,3264
DA:96,102
DA:102,1
DA:108,4
DA:109,4
DA:115,1
DA:120,29
DA:121,29
DA:122,29
DA:128,1
DA:132,3
DA:133,25
DA:140,1
DA:145,3
DA:146,3
DA:165,1
DA:166,2
DA:180,1
DA:186,4
DA:187,2
DA:189,2
DA:195,1
DA:202,4
DA:203,4
DA:209,1
DA:210,3
DA:261,1
DA:267,3
DA:285,1
DA:286,1
DA:292,1
DA:293,6
DA:294,5
DA:295,5
DA:296,5
DA:297,5
DA:303,1
DA:304,5
DA:305,1
DA:311,1
DA:312,102
DA:318,1
DA:319,9
DA:322,7
DA:323,4
DA:325,2
DA:327,2
DA:331,3
DA:332,3
DA:333,2
DA:334,6
DA:337,1
DA:343,1
DA:348,6
DA:349,6
DA:350,6
DA:361,1
DA:365,5
DA:371,5
DA:377,1
DA:378,2
LF:76
LH:76
BRDA:60,0,0,3
BRDA:73,1,0,1
BRDA:105,2,0,2
BRDA:108,3,0,1
BRDA:108,3,1,3
BRDA:117,4,0,1
BRDA:120,5,0,2
BRDA:120,5,1,27
BRDA:121,6,0,26
BRDA:121,6,1,3
BRDA:130,7,0,2
BRDA:143,8,0,3
BRDA:165,9,0,1
BRDA:182,10,0,3
BRDA:183,11,0,3
BRDA:184,12,0,3
BRDA:186,13,0,2
BRDA:186,14,0,4
BRDA:186,14,1,3
BRDA:198,15,0,1
BRDA:199,16,0,2
BRDA:200,17,0,3
BRDA:202,18,0,1
BRDA:202,18,1,3
BRDA:265,19,0,2
BRDA:277,20,0,1
BRDA:277,20,1,2
BRDA:293,21,0,1
BRDA:304,22,0,4
BRDA:304,23,0,5
BRDA:304,23,1,3
BRDA:311,24,0,101
BRDA:319,25,0,2
BRDA:322,26,0,4
BRDA:323,27,0,2
BRDA:332,28,0,2
BRDA:345,29,0,4
BRDA:346,30,0,5
BRDA:349,31,0,5
BRDA:349,31,1,1
BRDA:363,32,0,2
BRF:41
BRH:41
end_of_record
