TN:
SF:src\services\ColorService.ts
FN:8,(anonymous_0)
FN:21,(anonymous_1)
FN:39,(anonymous_2)
FN:83,(anonymous_3)
FN:84,(anonymous_4)
FN:118,(anonymous_5)
FN:169,(anonymous_6)
FN:180,(anonymous_7)
FN:181,(anonymous_8)
FN:182,(anonymous_9)
FN:185,(anonymous_10)
FN:191,(anonymous_11)
FN:197,(anonymous_12)
FN:207,(anonymous_13)
FN:221,(anonymous_14)
FN:254,(anonymous_15)
FN:291,(anonymous_16)
FN:300,(anonymous_17)
FN:304,(anonymous_18)
FN:308,(anonymous_19)
FN:312,(anonymous_20)
FN:316,(anonymous_21)
FN:330,getColorService
FNF:23
FNH:23
FNDA:14,(anonymous_0)
FNDA:8,(anonymous_1)
FNDA:19,(anonymous_2)
FNDA:8,(anonymous_3)
FNDA:16,(anonymous_4)
FNDA:71,(anonymous_5)
FNDA:80,(anonymous_6)
FNDA:36,(anonymous_7)
FNDA:108,(anonymous_8)
FNDA:108,(anonymous_9)
FNDA:10,(anonymous_10)
FNDA:8,(anonymous_11)
FNDA:5,(anonymous_12)
FNDA:7,(anonymous_13)
FNDA:33,(anonymous_14)
FNDA:11,(anonymous_15)
FNDA:6,(anonymous_16)
FNDA:2,(anonymous_17)
FNDA:2,(anonymous_18)
FNDA:1,(anonymous_19)
FNDA:2,(anonymous_20)
FNDA:2,(anonymous_21)
FNDA:107,getColorService
DA:4,1
DA:13,14
DA:15,14
DA:19,14
DA:21,4
DA:22,8
DA:23,7
DA:25,7
DA:28,4
DA:29,3
DA:33,14
DA:44,19
DA:45,19
DA:46,19
DA:47,19
DA:51,19
DA:56,19
DA:57,24
DA:58,24
DA:59,3
DA:60,3
DA:61,21
DA:62,18
DA:65,19
DA:66,7
DA:67,7
DA:68,3
DA:69,3
DA:70,2
DA:72,4
DA:73,4
DA:77,19
DA:84,8
DA:85,16
DA:86,16
DA:87,1
DA:89,15
DA:92,8
DA:93,8
DA:95,8
DA:97,8
DA:102,8
DA:107,8
DA:112,8
DA:119,71
DA:121,40
DA:122,4
DA:124,36
DA:127,31
DA:152,31
DA:153,31
DA:154,25
DA:157,6
DA:158,6
DA:159,4
DA:160,4
DA:161,4
DA:162,4
DA:164,2
DA:170,80
DA:171,80
DA:181,108
DA:182,108
DA:186,10
DA:187,10
DA:188,9
DA:192,8
DA:193,8
DA:194,8
DA:198,5
DA:199,5
DA:200,5
DA:208,7
DA:209,7
DA:210,7
DA:211,7
DA:222,33
DA:223,33
DA:224,30
DA:225,30
DA:226,30
DA:227,30
DA:228,30
DA:229,30
DA:230,30
DA:231,30
DA:232,19
DA:233,19
DA:234,19
DA:236,14
DA:237,14
DA:239,3
DA:240,3
DA:242,2
DA:243,2
DA:245,19
DA:247,30
DA:259,11
DA:260,11
DA:261,11
DA:262,11
DA:263,11
DA:264,11
DA:267,9
DA:268,9
DA:269,9
DA:272,9
DA:275,9
DA:278,9
DA:279,9
DA:280,9
DA:282,9
DA:284,0
DA:298,6
DA:300,2
DA:301,1
DA:302,1
DA:304,2
DA:305,1
DA:306,1
DA:308,1
DA:309,1
DA:310,1
DA:312,2
DA:313,1
DA:314,1
DA:316,2
DA:317,1
DA:318,1
DA:320,1
DA:323,5
DA:328,1
DA:330,1
DA:331,107
DA:332,1
DA:334,107
LF:136
LH:135
BRDA:19,0,0,4
BRDA:19,1,0,14
BRDA:19,1,1,7
BRDA:22,2,0,1
BRDA:25,3,0,7
BRDA:25,3,1,4
BRDA:25,3,2,4
BRDA:28,4,0,3
BRDA:51,5,0,19
BRDA:51,5,1,11
BRDA:51,5,2,11
BRDA:58,6,0,3
BRDA:58,6,1,21
BRDA:61,7,0,18
BRDA:61,8,0,21
BRDA:61,8,1,20
BRDA:61,8,2,19
BRDA:67,9,0,3
BRDA:67,9,1,4
BRDA:69,10,0,2
BRDA:72,11,0,4
BRDA:72,12,0,4
BRDA:72,12,1,4
BRDA:72,12,2,4
BRDA:86,13,0,1
BRDA:119,14,0,40
BRDA:121,15,0,4
BRDA:153,16,0,25
BRDA:158,17,0,4
BRDA:171,18,0,73
BRDA:171,18,1,7
BRDA:187,19,0,1
BRDA:191,20,0,2
BRDA:193,21,0,0
BRDA:197,22,0,2
BRDA:199,23,0,0
BRDA:207,24,0,1
BRDA:209,25,0,0
BRDA:223,26,0,3
BRDA:231,27,0,19
BRDA:233,28,0,2
BRDA:233,28,1,17
BRDA:234,29,0,14
BRDA:234,29,1,3
BRDA:234,29,2,2
BRDA:236,30,0,2
BRDA:236,30,1,12
BRDA:264,31,0,2
BRDA:264,32,0,11
BRDA:264,32,1,9
BRDA:268,33,0,1
BRDA:269,34,0,0
BRDA:272,35,0,4
BRDA:272,35,1,5
BRDA:275,36,0,1
BRDA:275,36,1,8
BRDA:298,37,0,1
BRDA:298,37,1,1
BRDA:298,37,2,1
BRDA:298,37,3,1
BRDA:298,37,4,1
BRDA:298,37,5,1
BRDA:331,38,0,1
BRF:63
BRH:59
end_of_record
